GAS LISTING C:\Users\21030\AppData\Local\Temp/cclnxQs1.s 			page 1


   1               		.file	"keymap.c"
   2               	__SREG__ = 0x3f
   3               	__SP_H__ = 0x3e
   4               	__SP_L__ = 0x3d
   5               	__CCP__  = 0x34
   6               	__tmp_reg__ = 0
   7               	__zero_reg__ = 1
   8               		.section	.debug_abbrev,"",@progbits
   9               	.Ldebug_abbrev0:
  10               		.section	.debug_info,"",@progbits
  11               	.Ldebug_info0:
  12               		.section	.debug_line,"",@progbits
  13               	.Ldebug_line0:
  14               		.text
  15               	.Ltext0:
  16               	.global	keycode_set2
  17               		.section	.progmem.data,"a",@progbits
  18               		.type	keycode_set2, @object
  19               		.size	keycode_set2, 256
  20               	keycode_set2:
  21 0000 00        		.byte	0
  22 0001 00        		.byte	0
  23 0002 FC        		.byte	-4
  24 0003 00        		.byte	0
  25 0004 1C        		.byte	28
  26 0005 32        		.byte	50
  27 0006 21        		.byte	33
  28 0007 23        		.byte	35
  29 0008 24        		.byte	36
  30 0009 2B        		.byte	43
  31 000a 34        		.byte	52
  32 000b 33        		.byte	51
  33 000c 43        		.byte	67
  34 000d 3B        		.byte	59
  35 000e 42        		.byte	66
  36 000f 4B        		.byte	75
  37 0010 3A        		.byte	58
  38 0011 31        		.byte	49
  39 0012 44        		.byte	68
  40 0013 4D        		.byte	77
  41 0014 15        		.byte	21
  42 0015 2D        		.byte	45
  43 0016 1B        		.byte	27
  44 0017 2C        		.byte	44
  45 0018 3C        		.byte	60
  46 0019 2A        		.byte	42
  47 001a 1D        		.byte	29
  48 001b 22        		.byte	34
  49 001c 35        		.byte	53
  50 001d 1A        		.byte	26
  51 001e 16        		.byte	22
  52 001f 1E        		.byte	30
  53 0020 26        		.byte	38
  54 0021 25        		.byte	37
  55 0022 2E        		.byte	46
  56 0023 36        		.byte	54
  57 0024 3D        		.byte	61
GAS LISTING C:\Users\21030\AppData\Local\Temp/cclnxQs1.s 			page 2


  58 0025 3E        		.byte	62
  59 0026 46        		.byte	70
  60 0027 45        		.byte	69
  61 0028 5A        		.byte	90
  62 0029 76        		.byte	118
  63 002a 66        		.byte	102
  64 002b 0D        		.byte	13
  65 002c 29        		.byte	41
  66 002d 4E        		.byte	78
  67 002e 55        		.byte	85
  68 002f 54        		.byte	84
  69 0030 5B        		.byte	91
  70 0031 5D        		.byte	93
  71 0032 5D        		.byte	93
  72 0033 4C        		.byte	76
  73 0034 52        		.byte	82
  74 0035 0E        		.byte	14
  75 0036 41        		.byte	65
  76 0037 49        		.byte	73
  77 0038 4A        		.byte	74
  78 0039 58        		.byte	88
  79 003a 05        		.byte	5
  80 003b 06        		.byte	6
  81 003c 04        		.byte	4
  82 003d 0C        		.byte	12
  83 003e 03        		.byte	3
  84 003f 0B        		.byte	11
  85 0040 83        		.byte	-125
  86 0041 0A        		.byte	10
  87 0042 01        		.byte	1
  88 0043 09        		.byte	9
  89 0044 78        		.byte	120
  90 0045 07        		.byte	7
  91 0046 7C        		.byte	124
  92 0047 7E        		.byte	126
  93 0048 77        		.byte	119
  94 0049 70        		.byte	112
  95 004a 6C        		.byte	108
  96 004b 7D        		.byte	125
  97 004c 71        		.byte	113
  98 004d 69        		.byte	105
  99 004e 7A        		.byte	122
 100 004f 74        		.byte	116
 101 0050 6B        		.byte	107
 102 0051 72        		.byte	114
 103 0052 75        		.byte	117
 104 0053 77        		.byte	119
 105 0054 4A        		.byte	74
 106 0055 7C        		.byte	124
 107 0056 7B        		.byte	123
 108 0057 79        		.byte	121
 109 0058 5A        		.byte	90
 110 0059 69        		.byte	105
 111 005a 72        		.byte	114
 112 005b 7A        		.byte	122
 113 005c 6B        		.byte	107
 114 005d 73        		.byte	115
GAS LISTING C:\Users\21030\AppData\Local\Temp/cclnxQs1.s 			page 3


 115 005e 74        		.byte	116
 116 005f 6C        		.byte	108
 117 0060 75        		.byte	117
 118 0061 7D        		.byte	125
 119 0062 70        		.byte	112
 120 0063 71        		.byte	113
 121 0064 61        		.byte	97
 122 0065 2F        		.byte	47
 123 0066 37        		.byte	55
 124 0067 0F        		.byte	15
 125 0068 08        		.byte	8
 126 0069 10        		.byte	16
 127 006a 18        		.byte	24
 128 006b 20        		.byte	32
 129 006c 28        		.byte	40
 130 006d 30        		.byte	48
 131 006e 38        		.byte	56
 132 006f 40        		.byte	64
 133 0070 48        		.byte	72
 134 0071 50        		.byte	80
 135 0072 57        		.byte	87
 136 0073 5F        		.byte	95
 137 0074 00        		.byte	0
 138 0075 00        		.byte	0
 139 0076 00        		.byte	0
 140 0077 00        		.byte	0
 141 0078 00        		.byte	0
 142 0079 00        		.byte	0
 143 007a 00        		.byte	0
 144 007b 00        		.byte	0
 145 007c 00        		.byte	0
 146 007d 00        		.byte	0
 147 007e 00        		.byte	0
 148 007f 00        		.byte	0
 149 0080 00        		.byte	0
 150 0081 00        		.byte	0
 151 0082 00        		.byte	0
 152 0083 00        		.byte	0
 153 0084 00        		.byte	0
 154 0085 6D        		.byte	109
 155 0086 00        		.byte	0
 156 0087 51        		.byte	81
 157 0088 13        		.byte	19
 158 0089 6A        		.byte	106
 159 008a 64        		.byte	100
 160 008b 67        		.byte	103
 161 008c 27        		.byte	39
 162 008d 00        		.byte	0
 163 008e 00        		.byte	0
 164 008f 00        		.byte	0
 165 0090 F2        		.byte	-14
 166 0091 F1        		.byte	-15
 167 0092 63        		.byte	99
 168 0093 62        		.byte	98
 169 0094 5F        		.byte	95
 170 0095 00        		.byte	0
 171 0096 00        		.byte	0
GAS LISTING C:\Users\21030\AppData\Local\Temp/cclnxQs1.s 			page 4


 172 0097 00        		.byte	0
 173 0098 00        		.byte	0
 174 0099 00        		.byte	0
 175 009a 00        		.byte	0
 176 009b 00        		.byte	0
 177 009c 00        		.byte	0
 178 009d 00        		.byte	0
 179 009e 00        		.byte	0
 180 009f 00        		.byte	0
 181 00a0 00        		.byte	0
 182 00a1 00        		.byte	0
 183 00a2 00        		.byte	0
 184 00a3 00        		.byte	0
 185 00a4 00        		.byte	0
 186 00a5 00        		.byte	0
 187 00a6 14        		.byte	20
 188 00a7 12        		.byte	18
 189 00a8 11        		.byte	17
 190 00a9 1F        		.byte	31
 191 00aa 14        		.byte	20
 192 00ab 59        		.byte	89
 193 00ac 11        		.byte	17
 194 00ad 27        		.byte	39
 195 00ae 00        		.byte	0
 196 00af 00        		.byte	0
 197 00b0 4D        		.byte	77
 198 00b1 15        		.byte	21
 199 00b2 3B        		.byte	59
 200 00b3 34        		.byte	52
 201 00b4 23        		.byte	35
 202 00b5 00        		.byte	0
 203 00b6 00        		.byte	0
 204 00b7 32        		.byte	50
 205 00b8 21        		.byte	33
 206 00b9 00        		.byte	0
 207 00ba 00        		.byte	0
 208 00bb 00        		.byte	0
 209 00bc 00        		.byte	0
 210 00bd 50        		.byte	80
 211 00be 48        		.byte	72
 212 00bf 2B        		.byte	43
 213 00c0 40        		.byte	64
 214 00c1 10        		.byte	16
 215 00c2 3A        		.byte	58
 216 00c3 38        		.byte	56
 217 00c4 30        		.byte	48
 218 00c5 28        		.byte	40
 219 00c6 20        		.byte	32
 220 00c7 18        		.byte	24
 221 00c8 00        		.byte	0
 222 00c9 00        		.byte	0
 223 00ca 00        		.byte	0
 224 00cb 00        		.byte	0
 225 00cc 00        		.byte	0
 226 00cd 00        		.byte	0
 227 00ce 37        		.byte	55
 228 00cf 3F        		.byte	63
GAS LISTING C:\Users\21030\AppData\Local\Temp/cclnxQs1.s 			page 5


 229 00d0 5E        		.byte	94
 230 00d1 00        		.byte	0
 231 00d2 00        		.byte	0
 232 00d3 00        		.byte	0
 233 00d4 00        		.byte	0
 234 00d5 00        		.byte	0
 235 00d6 00        		.byte	0
 236 00d7 00        		.byte	0
 237 00d8 00        		.byte	0
 238 00d9 00        		.byte	0
 239 00da 00        		.byte	0
 240 00db 00        		.byte	0
 241 00dc 00        		.byte	0
 242 00dd 00        		.byte	0
 243 00de 00        		.byte	0
 244 00df 00        		.byte	0
 245 00e0 00        		.byte	0
 246 00e1 00        		.byte	0
 247 00e2 00        		.byte	0
 248 00e3 00        		.byte	0
 249 00e4 00        		.byte	0
 250 00e5 00        		.byte	0
 251 00e6 00        		.byte	0
 252 00e7 00        		.byte	0
 253 00e8 00        		.byte	0
 254 00e9 00        		.byte	0
 255 00ea 00        		.byte	0
 256 00eb 00        		.byte	0
 257 00ec 00        		.byte	0
 258 00ed 00        		.byte	0
 259 00ee 00        		.byte	0
 260 00ef 00        		.byte	0
 261 00f0 00        		.byte	0
 262 00f1 00        		.byte	0
 263 00f2 00        		.byte	0
 264 00f3 00        		.byte	0
 265 00f4 0000 0000 		.skip 12,0
 265      0000 0000 
 265      0000 0000 
 266               	.global	keycode_set2_special
 267               		.type	keycode_set2_special, @object
 268               		.size	keycode_set2_special, 4
 269               	keycode_set2_special:
 270 0100 46        		.byte	70
 271 0101 48        		.byte	72
 272 0102 00        		.byte	0
 273 0103 00        		.skip 1,0
 274               	.global	keycode_set2_makeonly
 275               		.type	keycode_set2_makeonly, @object
 276               		.size	keycode_set2_makeonly, 4
 277               	keycode_set2_makeonly:
 278 0104 48        		.byte	72
 279 0105 91        		.byte	-111
 280 0106 90        		.byte	-112
 281 0107 00        		.byte	0
 282               	.global	keycode_set2_make_break
 283               		.type	keycode_set2_make_break, @object
GAS LISTING C:\Users\21030\AppData\Local\Temp/cclnxQs1.s 			page 6


 284               		.size	keycode_set2_make_break, 4
 285               	keycode_set2_make_break:
 286 0108 95        		.byte	-107
 287 0109 96        		.byte	-106
 288 010a 97        		.byte	-105
 289 010b 00        		.byte	0
 290               	.global	keycode_set2_extend
 291               		.type	keycode_set2_extend, @object
 292               		.size	keycode_set2_extend, 46
 293               	keycode_set2_extend:
 294 010c A9        		.byte	-87
 295 010d AA        		.byte	-86
 296 010e AD        		.byte	-83
 297 010f AC        		.byte	-84
 298 0110 65        		.byte	101
 299 0111 46        		.byte	70
 300 0112 49        		.byte	73
 301 0113 4A        		.byte	74
 302 0114 4B        		.byte	75
 303 0115 4C        		.byte	76
 304 0116 4D        		.byte	77
 305 0117 4E        		.byte	78
 306 0118 52        		.byte	82
 307 0119 50        		.byte	80
 308 011a 4F        		.byte	79
 309 011b 51        		.byte	81
 310 011c 54        		.byte	84
 311 011d 58        		.byte	88
 312 011e 95        		.byte	-107
 313 011f 96        		.byte	-106
 314 0120 97        		.byte	-105
 315 0121 BD        		.byte	-67
 316 0122 C0        		.byte	-64
 317 0123 C1        		.byte	-63
 318 0124 C2        		.byte	-62
 319 0125 C3        		.byte	-61
 320 0126 C4        		.byte	-60
 321 0127 C5        		.byte	-59
 322 0128 C6        		.byte	-58
 323 0129 AF        		.byte	-81
 324 012a B0        		.byte	-80
 325 012b B1        		.byte	-79
 326 012c B2        		.byte	-78
 327 012d B3        		.byte	-77
 328 012e B6        		.byte	-74
 329 012f B7        		.byte	-73
 330 0130 BC        		.byte	-68
 331 0131 BE        		.byte	-66
 332 0132 BF        		.byte	-65
 333 0133 C8        		.byte	-56
 334 0134 C9        		.byte	-55
 335 0135 CA        		.byte	-54
 336 0136 CB        		.byte	-53
 337 0137 C7        		.byte	-57
 338 0138 00        		.byte	0
 339 0139 00        		.byte	0
 340               	.global	keycode_set2_proc_shift
GAS LISTING C:\Users\21030\AppData\Local\Temp/cclnxQs1.s 			page 7


 341               		.type	keycode_set2_proc_shift, @object
 342               		.size	keycode_set2_proc_shift, 16
 343               	keycode_set2_proc_shift:
 344 013a 49        		.byte	73
 345 013b 4C        		.byte	76
 346 013c 4A        		.byte	74
 347 013d 4D        		.byte	77
 348 013e 4B        		.byte	75
 349 013f 4E        		.byte	78
 350 0140 A9        		.byte	-87
 351 0141 AD        		.byte	-83
 352 0142 65        		.byte	101
 353 0143 50        		.byte	80
 354 0144 4F        		.byte	79
 355 0145 52        		.byte	82
 356 0146 51        		.byte	81
 357 0147 54        		.byte	84
 358 0148 00        		.byte	0
 359 0149 00        		.byte	0
 360               	.global	keymap
 361               		.data
 362               		.type	keymap, @object
 363               		.size	keymap, 20
 364               	keymap:
 365 0000 00        		.byte	0
 366 0001 63        		.byte	99
 367 0002 00        		.byte	0
 368 0003 00        		.byte	0
 369 0004 00        		.byte	0
 370 0005 64        		.byte	100
 371 0006 00        		.byte	0
 372 0007 00        		.byte	0
 373 0008 00        		.byte	0
 374 0009 65        		.byte	101
 375 000a 00        		.byte	0
 376 000b 00        		.byte	0
 377 000c 00        		.byte	0
 378 000d 66        		.byte	102
 379 000e 00        		.byte	0
 380 000f 00        		.byte	0
 381 0010 00        		.byte	0
 382 0011 67        		.byte	103
 383 0012 00        		.byte	0
 384 0013 00        		.byte	0
 385               		.comm KFLA,256,1
 386               		.text
 387               	.Letext0:
 388               		.section	.debug_info
 389 0000 6C01 0000 		.long	0x16c
 390 0004 0200      		.word	0x2
 391 0006 0000 0000 		.long	.Ldebug_abbrev0
 392 000a 04        		.byte	0x4
 393 000b 01        		.uleb128 0x1
 394 000c 0000 0000 		.long	.LASF15
 395 0010 01        		.byte	0x1
 396 0011 0000 0000 		.long	.LASF16
 397 0015 0000 0000 		.long	.LASF17
GAS LISTING C:\Users\21030\AppData\Local\Temp/cclnxQs1.s 			page 8


 398 0019 0000 0000 		.long	.Ltext0
 399 001d 0000 0000 		.long	.Letext0
 400 0021 0000 0000 		.long	.Ldebug_line0
 401 0025 02        		.uleb128 0x2
 402 0026 01        		.byte	0x1
 403 0027 06        		.byte	0x6
 404 0028 0000 0000 		.long	.LASF0
 405 002c 03        		.uleb128 0x3
 406 002d 0000 0000 		.long	.LASF18
 407 0031 02        		.byte	0x2
 408 0032 7A        		.byte	0x7a
 409 0033 3700 0000 		.long	0x37
 410 0037 02        		.uleb128 0x2
 411 0038 01        		.byte	0x1
 412 0039 08        		.byte	0x8
 413 003a 0000 0000 		.long	.LASF1
 414 003e 04        		.uleb128 0x4
 415 003f 02        		.byte	0x2
 416 0040 05        		.byte	0x5
 417 0041 696E 7400 		.string	"int"
 418 0045 02        		.uleb128 0x2
 419 0046 02        		.byte	0x2
 420 0047 07        		.byte	0x7
 421 0048 0000 0000 		.long	.LASF2
 422 004c 02        		.uleb128 0x2
 423 004d 04        		.byte	0x4
 424 004e 05        		.byte	0x5
 425 004f 0000 0000 		.long	.LASF3
 426 0053 02        		.uleb128 0x2
 427 0054 04        		.byte	0x4
 428 0055 07        		.byte	0x7
 429 0056 0000 0000 		.long	.LASF4
 430 005a 02        		.uleb128 0x2
 431 005b 08        		.byte	0x8
 432 005c 05        		.byte	0x5
 433 005d 0000 0000 		.long	.LASF5
 434 0061 02        		.uleb128 0x2
 435 0062 08        		.byte	0x8
 436 0063 07        		.byte	0x7
 437 0064 0000 0000 		.long	.LASF6
 438 0068 05        		.uleb128 0x5
 439 0069 01        		.byte	0x1
 440 006a 06        		.byte	0x6
 441 006b 05        		.uleb128 0x5
 442 006c 01        		.byte	0x1
 443 006d 08        		.byte	0x8
 444 006e 06        		.uleb128 0x6
 445 006f 2C00 0000 		.long	0x2c
 446 0073 7E00 0000 		.long	0x7e
 447 0077 07        		.uleb128 0x7
 448 0078 7E00 0000 		.long	0x7e
 449 007c FF        		.byte	0xff
 450 007d 00        		.byte	0x0
 451 007e 05        		.uleb128 0x5
 452 007f 02        		.byte	0x2
 453 0080 07        		.byte	0x7
 454 0081 08        		.uleb128 0x8
GAS LISTING C:\Users\21030\AppData\Local\Temp/cclnxQs1.s 			page 9


 455 0082 0000 0000 		.long	.LASF7
 456 0086 01        		.byte	0x1
 457 0087 04        		.byte	0x4
 458 0088 9300 0000 		.long	0x93
 459 008c 01        		.byte	0x1
 460 008d 05        		.byte	0x5
 461 008e 03        		.byte	0x3
 462 008f 0000 0000 		.long	keycode_set2
 463 0093 09        		.uleb128 0x9
 464 0094 6E00 0000 		.long	0x6e
 465 0098 08        		.uleb128 0x8
 466 0099 0000 0000 		.long	.LASF8
 467 009d 01        		.byte	0x1
 468 009e 24        		.byte	0x24
 469 009f 6E00 0000 		.long	0x6e
 470 00a3 01        		.byte	0x1
 471 00a4 05        		.byte	0x5
 472 00a5 03        		.byte	0x3
 473 00a6 0000 0000 		.long	KFLA
 474 00aa 06        		.uleb128 0x6
 475 00ab 2C00 0000 		.long	0x2c
 476 00af BA00 0000 		.long	0xba
 477 00b3 07        		.uleb128 0x7
 478 00b4 7E00 0000 		.long	0x7e
 479 00b8 03        		.byte	0x3
 480 00b9 00        		.byte	0x0
 481 00ba 08        		.uleb128 0x8
 482 00bb 0000 0000 		.long	.LASF9
 483 00bf 01        		.byte	0x1
 484 00c0 26        		.byte	0x26
 485 00c1 CC00 0000 		.long	0xcc
 486 00c5 01        		.byte	0x1
 487 00c6 05        		.byte	0x5
 488 00c7 03        		.byte	0x3
 489 00c8 0000 0000 		.long	keycode_set2_special
 490 00cc 09        		.uleb128 0x9
 491 00cd AA00 0000 		.long	0xaa
 492 00d1 08        		.uleb128 0x8
 493 00d2 0000 0000 		.long	.LASF10
 494 00d6 01        		.byte	0x1
 495 00d7 2A        		.byte	0x2a
 496 00d8 E300 0000 		.long	0xe3
 497 00dc 01        		.byte	0x1
 498 00dd 05        		.byte	0x5
 499 00de 03        		.byte	0x3
 500 00df 0000 0000 		.long	keycode_set2_makeonly
 501 00e3 09        		.uleb128 0x9
 502 00e4 AA00 0000 		.long	0xaa
 503 00e8 08        		.uleb128 0x8
 504 00e9 0000 0000 		.long	.LASF11
 505 00ed 01        		.byte	0x1
 506 00ee 2E        		.byte	0x2e
 507 00ef FA00 0000 		.long	0xfa
 508 00f3 01        		.byte	0x1
 509 00f4 05        		.byte	0x5
 510 00f5 03        		.byte	0x3
 511 00f6 0000 0000 		.long	keycode_set2_make_break
GAS LISTING C:\Users\21030\AppData\Local\Temp/cclnxQs1.s 			page 10


 512 00fa 09        		.uleb128 0x9
 513 00fb AA00 0000 		.long	0xaa
 514 00ff 06        		.uleb128 0x6
 515 0100 2C00 0000 		.long	0x2c
 516 0104 0F01 0000 		.long	0x10f
 517 0108 07        		.uleb128 0x7
 518 0109 7E00 0000 		.long	0x7e
 519 010d 2D        		.byte	0x2d
 520 010e 00        		.byte	0x0
 521 010f 08        		.uleb128 0x8
 522 0110 0000 0000 		.long	.LASF12
 523 0114 01        		.byte	0x1
 524 0115 32        		.byte	0x32
 525 0116 2101 0000 		.long	0x121
 526 011a 01        		.byte	0x1
 527 011b 05        		.byte	0x5
 528 011c 03        		.byte	0x3
 529 011d 0000 0000 		.long	keycode_set2_extend
 530 0121 09        		.uleb128 0x9
 531 0122 FF00 0000 		.long	0xff
 532 0126 06        		.uleb128 0x6
 533 0127 2C00 0000 		.long	0x2c
 534 012b 3601 0000 		.long	0x136
 535 012f 07        		.uleb128 0x7
 536 0130 7E00 0000 		.long	0x7e
 537 0134 0F        		.byte	0xf
 538 0135 00        		.byte	0x0
 539 0136 08        		.uleb128 0x8
 540 0137 0000 0000 		.long	.LASF13
 541 013b 01        		.byte	0x1
 542 013c 3C        		.byte	0x3c
 543 013d 4801 0000 		.long	0x148
 544 0141 01        		.byte	0x1
 545 0142 05        		.byte	0x5
 546 0143 03        		.byte	0x3
 547 0144 0000 0000 		.long	keycode_set2_proc_shift
 548 0148 09        		.uleb128 0x9
 549 0149 2601 0000 		.long	0x126
 550 014d 06        		.uleb128 0x6
 551 014e 4C00 0000 		.long	0x4c
 552 0152 5D01 0000 		.long	0x15d
 553 0156 07        		.uleb128 0x7
 554 0157 7E00 0000 		.long	0x7e
 555 015b 04        		.byte	0x4
 556 015c 00        		.byte	0x0
 557 015d 08        		.uleb128 0x8
 558 015e 0000 0000 		.long	.LASF14
 559 0162 01        		.byte	0x1
 560 0163 41        		.byte	0x41
 561 0164 4D01 0000 		.long	0x14d
 562 0168 01        		.byte	0x1
 563 0169 05        		.byte	0x5
 564 016a 03        		.byte	0x3
 565 016b 0000 0000 		.long	keymap
 566 016f 00        		.byte	0x0
 567               		.section	.debug_abbrev
 568 0000 01        		.uleb128 0x1
GAS LISTING C:\Users\21030\AppData\Local\Temp/cclnxQs1.s 			page 11


 569 0001 11        		.uleb128 0x11
 570 0002 01        		.byte	0x1
 571 0003 25        		.uleb128 0x25
 572 0004 0E        		.uleb128 0xe
 573 0005 13        		.uleb128 0x13
 574 0006 0B        		.uleb128 0xb
 575 0007 03        		.uleb128 0x3
 576 0008 0E        		.uleb128 0xe
 577 0009 1B        		.uleb128 0x1b
 578 000a 0E        		.uleb128 0xe
 579 000b 11        		.uleb128 0x11
 580 000c 01        		.uleb128 0x1
 581 000d 12        		.uleb128 0x12
 582 000e 01        		.uleb128 0x1
 583 000f 10        		.uleb128 0x10
 584 0010 06        		.uleb128 0x6
 585 0011 00        		.byte	0x0
 586 0012 00        		.byte	0x0
 587 0013 02        		.uleb128 0x2
 588 0014 24        		.uleb128 0x24
 589 0015 00        		.byte	0x0
 590 0016 0B        		.uleb128 0xb
 591 0017 0B        		.uleb128 0xb
 592 0018 3E        		.uleb128 0x3e
 593 0019 0B        		.uleb128 0xb
 594 001a 03        		.uleb128 0x3
 595 001b 0E        		.uleb128 0xe
 596 001c 00        		.byte	0x0
 597 001d 00        		.byte	0x0
 598 001e 03        		.uleb128 0x3
 599 001f 16        		.uleb128 0x16
 600 0020 00        		.byte	0x0
 601 0021 03        		.uleb128 0x3
 602 0022 0E        		.uleb128 0xe
 603 0023 3A        		.uleb128 0x3a
 604 0024 0B        		.uleb128 0xb
 605 0025 3B        		.uleb128 0x3b
 606 0026 0B        		.uleb128 0xb
 607 0027 49        		.uleb128 0x49
 608 0028 13        		.uleb128 0x13
 609 0029 00        		.byte	0x0
 610 002a 00        		.byte	0x0
 611 002b 04        		.uleb128 0x4
 612 002c 24        		.uleb128 0x24
 613 002d 00        		.byte	0x0
 614 002e 0B        		.uleb128 0xb
 615 002f 0B        		.uleb128 0xb
 616 0030 3E        		.uleb128 0x3e
 617 0031 0B        		.uleb128 0xb
 618 0032 03        		.uleb128 0x3
 619 0033 08        		.uleb128 0x8
 620 0034 00        		.byte	0x0
 621 0035 00        		.byte	0x0
 622 0036 05        		.uleb128 0x5
 623 0037 24        		.uleb128 0x24
 624 0038 00        		.byte	0x0
 625 0039 0B        		.uleb128 0xb
GAS LISTING C:\Users\21030\AppData\Local\Temp/cclnxQs1.s 			page 12


 626 003a 0B        		.uleb128 0xb
 627 003b 3E        		.uleb128 0x3e
 628 003c 0B        		.uleb128 0xb
 629 003d 00        		.byte	0x0
 630 003e 00        		.byte	0x0
 631 003f 06        		.uleb128 0x6
 632 0040 01        		.uleb128 0x1
 633 0041 01        		.byte	0x1
 634 0042 49        		.uleb128 0x49
 635 0043 13        		.uleb128 0x13
 636 0044 01        		.uleb128 0x1
 637 0045 13        		.uleb128 0x13
 638 0046 00        		.byte	0x0
 639 0047 00        		.byte	0x0
 640 0048 07        		.uleb128 0x7
 641 0049 21        		.uleb128 0x21
 642 004a 00        		.byte	0x0
 643 004b 49        		.uleb128 0x49
 644 004c 13        		.uleb128 0x13
 645 004d 2F        		.uleb128 0x2f
 646 004e 0B        		.uleb128 0xb
 647 004f 00        		.byte	0x0
 648 0050 00        		.byte	0x0
 649 0051 08        		.uleb128 0x8
 650 0052 34        		.uleb128 0x34
 651 0053 00        		.byte	0x0
 652 0054 03        		.uleb128 0x3
 653 0055 0E        		.uleb128 0xe
 654 0056 3A        		.uleb128 0x3a
 655 0057 0B        		.uleb128 0xb
 656 0058 3B        		.uleb128 0x3b
 657 0059 0B        		.uleb128 0xb
 658 005a 49        		.uleb128 0x49
 659 005b 13        		.uleb128 0x13
 660 005c 3F        		.uleb128 0x3f
 661 005d 0C        		.uleb128 0xc
 662 005e 02        		.uleb128 0x2
 663 005f 0A        		.uleb128 0xa
 664 0060 00        		.byte	0x0
 665 0061 00        		.byte	0x0
 666 0062 09        		.uleb128 0x9
 667 0063 26        		.uleb128 0x26
 668 0064 00        		.byte	0x0
 669 0065 49        		.uleb128 0x49
 670 0066 13        		.uleb128 0x13
 671 0067 00        		.byte	0x0
 672 0068 00        		.byte	0x0
 673 0069 00        		.byte	0x0
 674               		.section	.debug_pubnames,"",@progbits
 675 0000 B600 0000 		.long	0xb6
 676 0004 0200      		.word	0x2
 677 0006 0000 0000 		.long	.Ldebug_info0
 678 000a 7001 0000 		.long	0x170
 679 000e 8100 0000 		.long	0x81
 680 0012 6B65 7963 		.string	"keycode_set2"
 680      6F64 655F 
 680      7365 7432 
GAS LISTING C:\Users\21030\AppData\Local\Temp/cclnxQs1.s 			page 13


 680      00
 681 001f 9800 0000 		.long	0x98
 682 0023 4B46 4C41 		.string	"KFLA"
 682      00
 683 0028 BA00 0000 		.long	0xba
 684 002c 6B65 7963 		.string	"keycode_set2_special"
 684      6F64 655F 
 684      7365 7432 
 684      5F73 7065 
 684      6369 616C 
 685 0041 D100 0000 		.long	0xd1
 686 0045 6B65 7963 		.string	"keycode_set2_makeonly"
 686      6F64 655F 
 686      7365 7432 
 686      5F6D 616B 
 686      656F 6E6C 
 687 005b E800 0000 		.long	0xe8
 688 005f 6B65 7963 		.string	"keycode_set2_make_break"
 688      6F64 655F 
 688      7365 7432 
 688      5F6D 616B 
 688      655F 6272 
 689 0077 0F01 0000 		.long	0x10f
 690 007b 6B65 7963 		.string	"keycode_set2_extend"
 690      6F64 655F 
 690      7365 7432 
 690      5F65 7874 
 690      656E 6400 
 691 008f 3601 0000 		.long	0x136
 692 0093 6B65 7963 		.string	"keycode_set2_proc_shift"
 692      6F64 655F 
 692      7365 7432 
 692      5F70 726F 
 692      635F 7368 
 693 00ab 5D01 0000 		.long	0x15d
 694 00af 6B65 796D 		.string	"keymap"
 694      6170 00
 695 00b6 0000 0000 		.long	0x0
 696               		.section	.debug_line
 697 0000 6C00 0000 		.long	.LELT0-.LSLT0
 698               	.LSLT0:
 699 0004 0200      		.word	0x2
 700 0006 5C00 0000 		.long	.LELTP0-.LASLTP0
 701               	.LASLTP0:
 702 000a 01        		.byte	0x1
 703 000b 01        		.byte	0x1
 704 000c F6        		.byte	0xf6
 705 000d F5        		.byte	0xf5
 706 000e 0A        		.byte	0xa
 707 000f 00        		.byte	0x0
 708 0010 01        		.byte	0x1
 709 0011 01        		.byte	0x1
 710 0012 01        		.byte	0x1
 711 0013 01        		.byte	0x1
 712 0014 00        		.byte	0x0
 713 0015 00        		.byte	0x0
 714 0016 00        		.byte	0x0
GAS LISTING C:\Users\21030\AppData\Local\Temp/cclnxQs1.s 			page 14


 715 0017 01        		.byte	0x1
 716 0018 633A 2F77 		.ascii	"c:/winavr-20100110/lib/gcc/../../avr/include"
 716      696E 6176 
 716      722D 3230 
 716      3130 3031 
 716      3130 2F6C 
 717 0044 00        		.byte	0
 718 0045 6D61 7472 		.ascii	"matrix"
 718      6978 
 719 004b 00        		.byte	0
 720 004c 00        		.byte	0x0
 721 004d 6B65 796D 		.string	"keymap.c"
 721      6170 2E63 
 721      00
 722 0056 02        		.uleb128 0x2
 723 0057 00        		.uleb128 0x0
 724 0058 00        		.uleb128 0x0
 725 0059 7374 6469 		.string	"stdint.h"
 725      6E74 2E68 
 725      00
 726 0062 01        		.uleb128 0x1
 727 0063 00        		.uleb128 0x0
 728 0064 00        		.uleb128 0x0
 729 0065 00        		.byte	0x0
 730               	.LELTP0:
 731 0066 00        		.byte	0x0
 732 0067 05        		.uleb128 0x5
 733 0068 02        		.byte	0x2
 734 0069 0000 0000 		.long	.Letext0
 735 006d 00        		.byte	0x0
 736 006e 01        		.uleb128 0x1
 737 006f 01        		.byte	0x1
 738               	.LELT0:
 739 0070 1600 0000 		.section	.debug_str,"MS",@progbits,1
 739      0200 1000 
 739      0000 0101 
 739      FB0E 0A00 
 739      0101 0101 
 740               	.LASF5:
 741 0000 6C6F 6E67 		.string	"long long int"
 741      206C 6F6E 
 741      6720 696E 
 741      7400 
 742               	.LASF12:
 743 000e 6B65 7963 		.string	"keycode_set2_extend"
 743      6F64 655F 
 743      7365 7432 
 743      5F65 7874 
 743      656E 6400 
 744               	.LASF13:
 745 0022 6B65 7963 		.string	"keycode_set2_proc_shift"
 745      6F64 655F 
 745      7365 7432 
 745      5F70 726F 
 745      635F 7368 
 746               	.LASF10:
 747 003a 6B65 7963 		.string	"keycode_set2_makeonly"
GAS LISTING C:\Users\21030\AppData\Local\Temp/cclnxQs1.s 			page 15


 747      6F64 655F 
 747      7365 7432 
 747      5F6D 616B 
 747      656F 6E6C 
 748               	.LASF4:
 749 0050 6C6F 6E67 		.string	"long unsigned int"
 749      2075 6E73 
 749      6967 6E65 
 749      6420 696E 
 749      7400 
 750               	.LASF6:
 751 0062 6C6F 6E67 		.string	"long long unsigned int"
 751      206C 6F6E 
 751      6720 756E 
 751      7369 676E 
 751      6564 2069 
 752               	.LASF18:
 753 0079 7569 6E74 		.string	"uint8_t"
 753      385F 7400 
 754               	.LASF14:
 755 0081 6B65 796D 		.string	"keymap"
 755      6170 00
 756               	.LASF1:
 757 0088 756E 7369 		.string	"unsigned char"
 757      676E 6564 
 757      2063 6861 
 757      7200 
 758               	.LASF17:
 759 0096 433A 5C55 		.string	"C:\\Users\\21030\\Documents\\GitHub\\mx1830\\source"
 759      7365 7273 
 759      5C32 3130 
 759      3330 5C44 
 759      6F63 756D 
 760               	.LASF3:
 761 00c4 6C6F 6E67 		.string	"long int"
 761      2069 6E74 
 761      00
 762               	.LASF16:
 763 00cd 6D61 7472 		.string	"matrix/keymap.c"
 763      6978 2F6B 
 763      6579 6D61 
 763      702E 6300 
 764               	.LASF8:
 765 00dd 4B46 4C41 		.string	"KFLA"
 765      00
 766               	.LASF11:
 767 00e2 6B65 7963 		.string	"keycode_set2_make_break"
 767      6F64 655F 
 767      7365 7432 
 767      5F6D 616B 
 767      655F 6272 
 768               	.LASF0:
 769 00fa 7369 676E 		.string	"signed char"
 769      6564 2063 
 769      6861 7200 
 770               	.LASF9:
 771 0106 6B65 7963 		.string	"keycode_set2_special"
GAS LISTING C:\Users\21030\AppData\Local\Temp/cclnxQs1.s 			page 16


 771      6F64 655F 
 771      7365 7432 
 771      5F73 7065 
 771      6369 616C 
 772               	.LASF15:
 773 011b 474E 5520 		.string	"GNU C 4.3.3"
 773      4320 342E 
 773      332E 3300 
 774               	.LASF2:
 775 0127 756E 7369 		.string	"unsigned int"
 775      676E 6564 
 775      2069 6E74 
 775      00
 776               	.LASF7:
 777 0134 6B65 7963 		.string	"keycode_set2"
 777      6F64 655F 
 777      7365 7432 
 777      00
 778               	.global __do_copy_data
 779               	.global __do_clear_bss
GAS LISTING C:\Users\21030\AppData\Local\Temp/cclnxQs1.s 			page 17


DEFINED SYMBOLS
                            *ABS*:00000000 keymap.c
C:\Users\21030\AppData\Local\Temp/cclnxQs1.s:2      *ABS*:0000003f __SREG__
C:\Users\21030\AppData\Local\Temp/cclnxQs1.s:3      *ABS*:0000003e __SP_H__
C:\Users\21030\AppData\Local\Temp/cclnxQs1.s:4      *ABS*:0000003d __SP_L__
C:\Users\21030\AppData\Local\Temp/cclnxQs1.s:5      *ABS*:00000034 __CCP__
C:\Users\21030\AppData\Local\Temp/cclnxQs1.s:6      *ABS*:00000000 __tmp_reg__
C:\Users\21030\AppData\Local\Temp/cclnxQs1.s:7      *ABS*:00000001 __zero_reg__
C:\Users\21030\AppData\Local\Temp/cclnxQs1.s:20     .progmem.data:00000000 keycode_set2
C:\Users\21030\AppData\Local\Temp/cclnxQs1.s:269    .progmem.data:00000100 keycode_set2_special
C:\Users\21030\AppData\Local\Temp/cclnxQs1.s:277    .progmem.data:00000104 keycode_set2_makeonly
C:\Users\21030\AppData\Local\Temp/cclnxQs1.s:285    .progmem.data:00000108 keycode_set2_make_break
C:\Users\21030\AppData\Local\Temp/cclnxQs1.s:293    .progmem.data:0000010c keycode_set2_extend
C:\Users\21030\AppData\Local\Temp/cclnxQs1.s:343    .progmem.data:0000013a keycode_set2_proc_shift
C:\Users\21030\AppData\Local\Temp/cclnxQs1.s:364    .data:00000000 keymap
                            *COM*:00000100 KFLA

UNDEFINED SYMBOLS
__do_copy_data
__do_clear_bss
