GAS LISTING C:\Users\21030\AppData\Local\Temp/ccWGFPqv.s 			page 1


   1               		.file	"led.c"
   2               	__SREG__ = 0x3f
   3               	__SP_H__ = 0x3e
   4               	__SP_L__ = 0x3d
   5               	__CCP__  = 0x34
   6               	__tmp_reg__ = 0
   7               	__zero_reg__ = 1
   8               		.section	.debug_abbrev,"",@progbits
   9               	.Ldebug_abbrev0:
  10               		.section	.debug_info,"",@progbits
  11               	.Ldebug_info0:
  12               		.section	.debug_line,"",@progbits
  13               	.Ldebug_line0:
  14               		.text
  15               	.Ltext0:
  16               	.global	led_3lockupdate
  17               		.type	led_3lockupdate, @function
  18               	led_3lockupdate:
  19               	.LFB7:
  20               	.LM1:
  21               	.LVL0:
  22               	/* prologue: function */
  23               	/* frame size = 0 */
  24               	.LM2:
  25 0000 80FF      		sbrs r24,0
  26 0002 00C0      		rjmp .L2
  27               	.LVL1:
  28               	.LM3:
  29 0004 909A      		sbi 50-32,0
  30 0006 00C0      		rjmp .L3
  31               	.L2:
  32               	.LM4:
  33 0008 9098      		cbi 50-32,0
  34               	.L3:
  35 000a 2091 0000 		lds r18,led_mode
  36 000e 3091 0000 		lds r19,(led_mode)+1
  37               	.LM5:
  38 0012 81FF      		sbrs r24,1
  39 0014 00C0      		rjmp .L4
  40               	.LM6:
  41 0016 919A      		sbi 50-32,1
  42               	.LM7:
  43 0018 2630      		cpi r18,6
  44 001a 3105      		cpc r19,__zero_reg__
  45 001c 01F4      		brne .L5
  46               	.LM8:
  47 001e 949A      		sbi 50-32,4
  48 0020 00C0      		rjmp .L5
  49               	.L4:
  50               	.LM9:
  51 0022 9198      		cbi 50-32,1
  52               	.LM10:
  53 0024 2630      		cpi r18,6
  54 0026 3105      		cpc r19,__zero_reg__
  55 0028 01F4      		brne .L5
  56               	.LM11:
  57 002a 9498      		cbi 50-32,4
GAS LISTING C:\Users\21030\AppData\Local\Temp/ccWGFPqv.s 			page 2


  58               	.L5:
  59               	.LM12:
  60 002c 82FF      		sbrs r24,2
  61 002e 00C0      		rjmp .L6
  62               	.LM13:
  63 0030 959A      		sbi 50-32,5
  64 0032 0895      		ret
  65               	.L6:
  66               	.LM14:
  67 0034 9598      		cbi 50-32,5
  68 0036 0895      		ret
  69               	.LFE7:
  70               		.size	led_3lockupdate, .-led_3lockupdate
  71               	.global	led_check
  72               		.type	led_check, @function
  73               	led_check:
  74               	.LFB10:
  75               	.LM15:
  76               	.LVL2:
  77               	/* prologue: function */
  78               	/* frame size = 0 */
  79 0038 482F      		mov r20,r24
  80               	.LM16:
  81 003a 82B3      		in r24,50-32
  82               	.LVL3:
  83 003c 8C7C      		andi r24,lo8(-52)
  84 003e 82BB      		out 50-32,r24
  85               	.LM17:
  86 0040 4423      		tst r20
  87 0042 01F0      		breq .L10
  88               	.LM18:
  89 0044 909A      		sbi 50-32,0
  90 0046 00C0      		rjmp .L21
  91               	.L10:
  92               	.LM19:
  93 0048 959A      		sbi 50-32,5
  94               	.L21:
  95 004a 88EE      		ldi r24,lo8(1000)
  96 004c 93E0      		ldi r25,hi8(1000)
  97               	.LVL4:
  98               	.LBB24:
  99               	.LBB25:
 100               	.LBB26:
 101               	.LBB27:
 102               	.LM20:
 103 004e 2CE2      		ldi r18,lo8(300)
 104 0050 31E0      		ldi r19,hi8(300)
 105               	.L17:
 106 0052 F901      		movw r30,r18
 107               	.LVL5:
 108               	/* #APP */
 109               	 ;  105 "c:/winavr-20100110/lib/gcc/../../avr/include/util/delay_basic.h" 1
 110 0054 3197      		1: sbiw r30,1
 111 0056 01F4      		brne 1b
 112               	 ;  0 "" 2
 113               	/* #NOAPP */
 114               	.LBE27:
GAS LISTING C:\Users\21030\AppData\Local\Temp/ccWGFPqv.s 			page 3


 115               	.LBE26:
 116               	.LM21:
 117 0058 0197      		sbiw r24,1
 118               	.LM22:
 119 005a 01F4      		brne .L17
 120               	.LBE25:
 121               	.LBE24:
 122               	.LM23:
 123 005c 82B3      		in r24,50-32
 124               	.LVL6:
 125 005e 8C7C      		andi r24,lo8(-52)
 126 0060 82BB      		out 50-32,r24
 127               	.LM24:
 128 0062 919A      		sbi 50-32,1
 129 0064 88EE      		ldi r24,lo8(1000)
 130 0066 93E0      		ldi r25,hi8(1000)
 131               	.LVL7:
 132               	.LBB28:
 133               	.LBB29:
 134               	.LBB30:
 135               	.LBB31:
 136               	.LM25:
 137 0068 2CE2      		ldi r18,lo8(300)
 138 006a 31E0      		ldi r19,hi8(300)
 139               	.L12:
 140 006c F901      		movw r30,r18
 141               	.LVL8:
 142               	/* #APP */
 143               	 ;  105 "c:/winavr-20100110/lib/gcc/../../avr/include/util/delay_basic.h" 1
 144 006e 3197      		1: sbiw r30,1
 145 0070 01F4      		brne 1b
 146               	 ;  0 "" 2
 147               	/* #NOAPP */
 148               	.LBE31:
 149               	.LBE30:
 150               	.LM26:
 151 0072 0197      		sbiw r24,1
 152               	.LM27:
 153 0074 01F4      		brne .L12
 154               	.LBE29:
 155               	.LBE28:
 156               	.LM28:
 157 0076 82B3      		in r24,50-32
 158               	.LVL9:
 159 0078 8C7C      		andi r24,lo8(-52)
 160 007a 82BB      		out 50-32,r24
 161               	.LM29:
 162 007c 4423      		tst r20
 163 007e 01F0      		breq .L13
 164               	.LM30:
 165 0080 959A      		sbi 50-32,5
 166 0082 00C0      		rjmp .L22
 167               	.L13:
 168               	.LM31:
 169 0084 909A      		sbi 50-32,0
 170               	.L22:
 171 0086 88EE      		ldi r24,lo8(1000)
GAS LISTING C:\Users\21030\AppData\Local\Temp/ccWGFPqv.s 			page 4


 172 0088 93E0      		ldi r25,hi8(1000)
 173               	.LVL10:
 174               	.LBB32:
 175               	.LBB33:
 176               	.LBB34:
 177               	.LBB35:
 178               	.LM32:
 179 008a 2CE2      		ldi r18,lo8(300)
 180 008c 31E0      		ldi r19,hi8(300)
 181               	.L16:
 182 008e F901      		movw r30,r18
 183               	.LVL11:
 184               	/* #APP */
 185               	 ;  105 "c:/winavr-20100110/lib/gcc/../../avr/include/util/delay_basic.h" 1
 186 0090 3197      		1: sbiw r30,1
 187 0092 01F4      		brne 1b
 188               	 ;  0 "" 2
 189               	/* #NOAPP */
 190               	.LBE35:
 191               	.LBE34:
 192               	.LM33:
 193 0094 0197      		sbiw r24,1
 194               	.LM34:
 195 0096 01F4      		brne .L16
 196               	.LBE33:
 197               	.LBE32:
 198               	.LM35:
 199 0098 82B3      		in r24,50-32
 200               	.LVL12:
 201 009a 8C7C      		andi r24,lo8(-52)
 202 009c 82BB      		out 50-32,r24
 203               	/* epilogue start */
 204               	.LM36:
 205 009e 0895      		ret
 206               	.LFE10:
 207               		.size	led_check, .-led_check
 208               	.global	led_pushed_level_cal
 209               		.type	led_pushed_level_cal, @function
 210               	led_pushed_level_cal:
 211               	.LFB13:
 212               	.LM37:
 213               	/* prologue: function */
 214               	/* frame size = 0 */
 215               	.LM38:
 216 00a0 2091 0000 		lds r18,downLevel
 217 00a4 2431      		cpi r18,lo8(20)
 218 00a6 00F4      		brsh .L25
 219               	.LM39:
 220 00a8 8FEF      		ldi r24,lo8(511)
 221 00aa 91E0      		ldi r25,hi8(511)
 222 00ac 9093 0000 		sts (downLevelStay)+1,r25
 223 00b0 8093 0000 		sts downLevelStay,r24
 224               	.LM40:
 225 00b4 922F      		mov r25,r18
 226 00b6 9F5F      		subi r25,lo8(-(1))
 227 00b8 9093 0000 		sts downLevel,r25
 228               	.LM41:
GAS LISTING C:\Users\21030\AppData\Local\Temp/ccWGFPqv.s 			page 5


 229 00bc 8FEF      		ldi r24,lo8(-1)
 230 00be 989F      		mul r25,r24
 231 00c0 C001      		movw r24,r0
 232 00c2 1124      		clr r1
 233 00c4 64E1      		ldi r22,lo8(20)
 234 00c6 70E0      		ldi r23,hi8(20)
 235 00c8 0E94 0000 		call __divmodhi4
 236 00cc 6093 0000 		sts downLevelLife,r22
 237               	.L25:
 238 00d0 0895      		ret
 239               	.LFE13:
 240               		.size	led_pushed_level_cal, .-led_pushed_level_cal
 241               	.global	led_mode_change
 242               		.type	led_mode_change, @function
 243               	led_mode_change:
 244               	.LFB12:
 245               	.LM42:
 246               	.LVL13:
 247               	/* prologue: function */
 248               	/* frame size = 0 */
 249               	.LM43:
 250 00d2 8630      		cpi r24,6
 251 00d4 9105      		cpc r25,__zero_reg__
 252 00d6 04F4      		brge .L30
 253 00d8 8430      		cpi r24,4
 254 00da 9105      		cpc r25,__zero_reg__
 255 00dc 04F4      		brge .L29
 256 00de 0297      		sbiw r24,2
 257 00e0 04F0      		brlt .L27
 258 00e2 00C0      		rjmp .L28
 259               	.L30:
 260 00e4 0897      		sbiw r24,8
 261 00e6 04F4      		brge .L27
 262 00e8 00C0      		rjmp .L28
 263               	.L29:
 264               	.LM44:
 265 00ea 949A      		sbi 50-32,4
 266 00ec 00C0      		rjmp .L27
 267               	.L28:
 268               	.LM45:
 269 00ee 0E94 0000 		call timer1PWMBOn
 270               	.LVL14:
 271               	.LM46:
 272 00f2 80E0      		ldi r24,lo8(0)
 273 00f4 90E0      		ldi r25,hi8(0)
 274 00f6 0E94 0000 		call timer1PWMBSet
 275               	.LM47:
 276 00fa 9498      		cbi 50-32,4
 277               	.LVL15:
 278               	.L27:
 279               	.LM48:
 280 00fc 8BE0      		ldi r24,lo8(11)
 281 00fe 90E0      		ldi r25,hi8(11)
 282               	.LVL16:
 283 0100 6091 0000 		lds r22,led_mode
 284 0104 0E94 0000 		call __eewr_byte_m32
 285               	/* epilogue start */
GAS LISTING C:\Users\21030\AppData\Local\Temp/ccWGFPqv.s 			page 6


 286               	.LM49:
 287 0108 0895      		ret
 288               	.LFE12:
 289               		.size	led_mode_change, .-led_mode_change
 290               	.global	led_mode_init
 291               		.type	led_mode_init, @function
 292               	led_mode_init:
 293               	.LFB11:
 294               	.LM50:
 295               	/* prologue: function */
 296               	/* frame size = 0 */
 297               	.LM51:
 298 010a 8BE0      		ldi r24,lo8(11)
 299 010c 90E0      		ldi r25,hi8(11)
 300 010e 0E94 0000 		call __eerd_byte_m32
 301 0112 8093 0000 		sts led_mode,r24
 302 0116 1092 0000 		sts led_mode+1,__zero_reg__
 303               	.LM52:
 304 011a 90E0      		ldi r25,lo8(0)
 305 011c 0E94 0000 		call led_mode_change
 306               	/* epilogue start */
 307               	.LM53:
 308 0120 0895      		ret
 309               	.LFE11:
 310               		.size	led_mode_init, .-led_mode_init
 311               	.global	led_blink
 312               		.type	led_blink, @function
 313               	led_blink:
 314               	.LFB8:
 315               	.LM54:
 316               	.LVL17:
 317               	/* prologue: function */
 318               	/* frame size = 0 */
 319 0122 2091 0000 		lds r18,led_mode
 320 0126 3091 0000 		lds r19,(led_mode)+1
 321               	.LM55:
 322 012a 82FF      		sbrs r24,2
 323 012c 00C0      		rjmp .L35
 324               	.LM56:
 325 012e 2330      		cpi r18,3
 326 0130 3105      		cpc r19,__zero_reg__
 327 0132 01F0      		breq .L37
 328 0134 2430      		cpi r18,4
 329 0136 3105      		cpc r19,__zero_reg__
 330 0138 01F0      		breq .L38
 331 013a 2130      		cpi r18,1
 332 013c 3105      		cpc r19,__zero_reg__
 333 013e 01F4      		brne .L36
 334               	.L37:
 335               	.LM57:
 336 0140 949A      		sbi 50-32,4
 337 0142 00C0      		rjmp .L36
 338               	.L38:
 339               	.LM58:
 340 0144 0E94 0000 		call timer1PWMBOn
 341               	.LVL18:
 342               	.LM59:
GAS LISTING C:\Users\21030\AppData\Local\Temp/ccWGFPqv.s 			page 7


 343 0148 80E0      		ldi r24,lo8(0)
 344 014a 90E0      		ldi r25,hi8(0)
 345 014c 0E94 0000 		call timer1PWMBSet
 346               	.LM60:
 347 0150 9498      		cbi 50-32,4
 348               	.LVL19:
 349               	.L36:
 350               	.LM61:
 351 0152 1092 0000 		sts (scankeycntms)+1,__zero_reg__
 352 0156 1092 0000 		sts scankeycntms,__zero_reg__
 353               	.LM62:
 354 015a 8091 0000 		lds r24,kbdsleepmode
 355               	.LVL20:
 356 015e 8130      		cpi r24,lo8(1)
 357 0160 01F4      		brne .L43
 358               	.LM63:
 359 0162 0E94 0000 		call led_mode_init
 360               	.LM64:
 361 0166 8091 0000 		lds r24,LEDstate
 362 016a 0E94 0000 		call led_3lockupdate
 363               	.LM65:
 364 016e 1092 0000 		sts kbdsleepmode,__zero_reg__
 365 0172 0895      		ret
 366               	.LVL21:
 367               	.L35:
 368               	.LM66:
 369 0174 2330      		cpi r18,3
 370 0176 3105      		cpc r19,__zero_reg__
 371 0178 01F0      		breq .L41
 372 017a 2430      		cpi r18,4
 373 017c 3105      		cpc r19,__zero_reg__
 374 017e 01F0      		breq .L42
 375 0180 2130      		cpi r18,1
 376 0182 3105      		cpc r19,__zero_reg__
 377 0184 01F4      		brne .L43
 378               	.LM67:
 379 0186 8091 0000 		lds r24,scankeycntms
 380 018a 9091 0000 		lds r25,(scankeycntms)+1
 381               	.LVL22:
 382 018e 895E      		subi r24,lo8(1001)
 383 0190 9340      		sbci r25,hi8(1001)
 384 0192 04F4      		brge .L43
 385               	.LVL23:
 386               	.L41:
 387               	.LM68:
 388 0194 9498      		cbi 50-32,4
 389 0196 0895      		ret
 390               	.L42:
 391               	.LM69:
 392 0198 949A      		sbi 50-32,4
 393               	.L43:
 394 019a 0895      		ret
 395               	.LFE8:
 396               		.size	led_blink, .-led_blink
 397               	.global	led_fader
 398               		.type	led_fader, @function
 399               	led_fader:
GAS LISTING C:\Users\21030\AppData\Local\Temp/ccWGFPqv.s 			page 8


 400               	.LFB9:
 401               	.LM70:
 402 019c 0F93      		push r16
 403 019e 1F93      		push r17
 404               	/* prologue: function */
 405               	/* frame size = 0 */
 406               	.LM71:
 407 01a0 8091 0000 		lds r24,led_mode
 408 01a4 9091 0000 		lds r25,(led_mode)+1
 409 01a8 0097      		sbiw r24,0
 410 01aa 01F0      		breq .L45
 411 01ac 8130      		cpi r24,1
 412 01ae 9105      		cpc r25,__zero_reg__
 413 01b0 01F0      		breq .+2
 414 01b2 00C0      		rjmp .L46
 415 01b4 8091 0000 		lds r24,scankeycntms
 416 01b8 9091 0000 		lds r25,(scankeycntms)+1
 417 01bc 895E      		subi r24,lo8(1001)
 418 01be 9340      		sbci r25,hi8(1001)
 419 01c0 04F4      		brge .+2
 420 01c2 00C0      		rjmp .L47
 421               	.L45:
 422               	.LM72:
 423 01c4 8091 0000 		lds r24,pwmDir
 424 01c8 9091 0000 		lds r25,(pwmDir)+1
 425 01cc 0097      		sbiw r24,0
 426 01ce 01F4      		brne .L48
 427               	.LM73:
 428 01d0 6091 0000 		lds r22,brigspeed
 429 01d4 7091 0000 		lds r23,(brigspeed)+1
 430 01d8 8091 0000 		lds r24,pwmCounter
 431 01dc 9091 0000 		lds r25,(pwmCounter)+1
 432 01e0 0E94 0000 		call __divmodhi4
 433 01e4 CB01      		movw r24,r22
 434 01e6 0E94 0000 		call timer1PWMBSet
 435               	.LM74:
 436 01ea 2091 0000 		lds r18,brigspeed
 437 01ee 3091 0000 		lds r19,(brigspeed)+1
 438 01f2 8FEF      		ldi r24,lo8(255)
 439 01f4 90E0      		ldi r25,hi8(255)
 440 01f6 A901      		movw r20,r18
 441 01f8 489F      		mul r20,r24
 442 01fa 9001      		movw r18,r0
 443 01fc 499F      		mul r20,r25
 444 01fe 300D      		add r19,r0
 445 0200 589F      		mul r21,r24
 446 0202 300D      		add r19,r0
 447 0204 1124      		clr r1
 448 0206 8091 0000 		lds r24,pwmCounter
 449 020a 9091 0000 		lds r25,(pwmCounter)+1
 450 020e 8217      		cp r24,r18
 451 0210 9307      		cpc r25,r19
 452 0212 04F4      		brge .+2
 453 0214 00C0      		rjmp .L49
 454               	.LM75:
 455 0216 81E0      		ldi r24,lo8(1)
 456 0218 90E0      		ldi r25,hi8(1)
GAS LISTING C:\Users\21030\AppData\Local\Temp/ccWGFPqv.s 			page 9


 457 021a 00C0      		rjmp .L57
 458               	.L48:
 459               	.LM76:
 460 021c 8230      		cpi r24,2
 461 021e 9105      		cpc r25,__zero_reg__
 462 0220 01F4      		brne .L50
 463               	.LM77:
 464 0222 6091 0000 		lds r22,speed
 465 0226 7091 0000 		lds r23,(speed)+1
 466 022a 8091 0000 		lds r24,pwmCounter
 467 022e 9091 0000 		lds r25,(pwmCounter)+1
 468 0232 0E94 0000 		call __divmodhi4
 469 0236 0FEF      		ldi r16,lo8(255)
 470 0238 10E0      		ldi r17,hi8(255)
 471 023a C801      		movw r24,r16
 472 023c 861B      		sub r24,r22
 473 023e 970B      		sbc r25,r23
 474 0240 0E94 0000 		call timer1PWMBSet
 475               	.LM78:
 476 0244 8091 0000 		lds r24,speed
 477 0248 9091 0000 		lds r25,(speed)+1
 478 024c 809F      		mul r24,r16
 479 024e 9001      		movw r18,r0
 480 0250 819F      		mul r24,r17
 481 0252 300D      		add r19,r0
 482 0254 909F      		mul r25,r16
 483 0256 300D      		add r19,r0
 484 0258 1124      		clr r1
 485 025a 8091 0000 		lds r24,pwmCounter
 486 025e 9091 0000 		lds r25,(pwmCounter)+1
 487 0262 8217      		cp r24,r18
 488 0264 9307      		cpc r25,r19
 489 0266 04F4      		brge .+2
 490 0268 00C0      		rjmp .L49
 491               	.LM79:
 492 026a 83E0      		ldi r24,lo8(3)
 493 026c 90E0      		ldi r25,hi8(3)
 494               	.L57:
 495 026e 9093 0000 		sts (pwmDir)+1,r25
 496 0272 8093 0000 		sts pwmDir,r24
 497 0276 00C0      		rjmp .L49
 498               	.L50:
 499               	.LM80:
 500 0278 8130      		cpi r24,1
 501 027a 9105      		cpc r25,__zero_reg__
 502 027c 01F4      		brne .L51
 503               	.LM81:
 504 027e 2091 0000 		lds r18,speed
 505 0282 3091 0000 		lds r19,(speed)+1
 506 0286 8FEF      		ldi r24,lo8(255)
 507 0288 90E0      		ldi r25,hi8(255)
 508 028a A901      		movw r20,r18
 509 028c 489F      		mul r20,r24
 510 028e 9001      		movw r18,r0
 511 0290 499F      		mul r20,r25
 512 0292 300D      		add r19,r0
 513 0294 589F      		mul r21,r24
GAS LISTING C:\Users\21030\AppData\Local\Temp/ccWGFPqv.s 			page 10


 514 0296 300D      		add r19,r0
 515 0298 1124      		clr r1
 516 029a 8091 0000 		lds r24,pwmCounter
 517 029e 9091 0000 		lds r25,(pwmCounter)+1
 518 02a2 8217      		cp r24,r18
 519 02a4 9307      		cpc r25,r19
 520 02a6 04F0      		brlt .L49
 521               	.LM82:
 522 02a8 1092 0000 		sts (pwmCounter)+1,__zero_reg__
 523 02ac 1092 0000 		sts pwmCounter,__zero_reg__
 524               	.LM83:
 525 02b0 82E0      		ldi r24,lo8(2)
 526 02b2 90E0      		ldi r25,hi8(2)
 527 02b4 00C0      		rjmp .L57
 528               	.L51:
 529               	.LM84:
 530 02b6 0397      		sbiw r24,3
 531 02b8 01F4      		brne .L49
 532               	.LM85:
 533 02ba 2091 0000 		lds r18,brigspeed
 534 02be 3091 0000 		lds r19,(brigspeed)+1
 535 02c2 8FEF      		ldi r24,lo8(255)
 536 02c4 90E0      		ldi r25,hi8(255)
 537 02c6 A901      		movw r20,r18
 538 02c8 489F      		mul r20,r24
 539 02ca 9001      		movw r18,r0
 540 02cc 499F      		mul r20,r25
 541 02ce 300D      		add r19,r0
 542 02d0 589F      		mul r21,r24
 543 02d2 300D      		add r19,r0
 544 02d4 1124      		clr r1
 545 02d6 8091 0000 		lds r24,pwmCounter
 546 02da 9091 0000 		lds r25,(pwmCounter)+1
 547 02de 8217      		cp r24,r18
 548 02e0 9307      		cpc r25,r19
 549 02e2 04F0      		brlt .L49
 550               	.LM86:
 551 02e4 1092 0000 		sts (pwmCounter)+1,__zero_reg__
 552 02e8 1092 0000 		sts pwmCounter,__zero_reg__
 553               	.LM87:
 554 02ec 1092 0000 		sts (pwmDir)+1,__zero_reg__
 555 02f0 1092 0000 		sts pwmDir,__zero_reg__
 556               	.L49:
 557               	.LM88:
 558 02f4 0E94 0000 		call timer1PWMBOn
 559               	.LM89:
 560 02f8 8091 0000 		lds r24,pwmCounter
 561 02fc 9091 0000 		lds r25,(pwmCounter)+1
 562 0300 0196      		adiw r24,1
 563 0302 9093 0000 		sts (pwmCounter)+1,r25
 564 0306 8093 0000 		sts pwmCounter,r24
 565 030a 00C0      		rjmp .L56
 566               	.L46:
 567               	.LM90:
 568 030c 0297      		sbiw r24,2
 569 030e 01F0      		breq .+2
 570 0310 00C0      		rjmp .L47
GAS LISTING C:\Users\21030\AppData\Local\Temp/ccWGFPqv.s 			page 11


 571               	.LM91:
 572 0312 8091 0000 		lds r24,downLevelStay
 573 0316 9091 0000 		lds r25,(downLevelStay)+1
 574 031a 0097      		sbiw r24,0
 575 031c 01F0      		breq .L53
 576               	.LM92:
 577 031e 0197      		sbiw r24,1
 578 0320 9093 0000 		sts (downLevelStay)+1,r25
 579 0324 8093 0000 		sts downLevelStay,r24
 580 0328 00C0      		rjmp .L54
 581               	.L53:
 582               	.LM93:
 583 032a 4091 0000 		lds r20,downLevelLife
 584 032e 4423      		tst r20
 585 0330 01F0      		breq .L55
 586               	.LM94:
 587 0332 8091 0000 		lds r24,pwmCounter
 588 0336 9091 0000 		lds r25,(pwmCounter)+1
 589 033a 0196      		adiw r24,1
 590 033c 9093 0000 		sts (pwmCounter)+1,r25
 591 0340 8093 0000 		sts pwmCounter,r24
 592               	.LM95:
 593 0344 2091 0000 		lds r18,speed
 594 0348 3091 0000 		lds r19,(speed)+1
 595 034c 8217      		cp r24,r18
 596 034e 9307      		cpc r25,r19
 597 0350 04F0      		brlt .L54
 598               	.LM96:
 599 0352 1092 0000 		sts (pwmCounter)+1,__zero_reg__
 600 0356 1092 0000 		sts pwmCounter,__zero_reg__
 601               	.LM97:
 602 035a 242F      		mov r18,r20
 603 035c 2150      		subi r18,lo8(-(-1))
 604 035e 2093 0000 		sts downLevelLife,r18
 605               	.LM98:
 606 0362 8FEF      		ldi r24,lo8(255)
 607 0364 90E0      		ldi r25,hi8(255)
 608 0366 821B      		sub r24,r18
 609 0368 9109      		sbc r25,__zero_reg__
 610 036a 64EF      		ldi r22,lo8(-12)
 611 036c 7FEF      		ldi r23,hi8(-12)
 612 036e 0E94 0000 		call __divmodhi4
 613 0372 6C5E      		subi r22,lo8(-(20))
 614 0374 6093 0000 		sts downLevel,r22
 615 0378 00C0      		rjmp .L54
 616               	.L55:
 617               	.LM99:
 618 037a 1092 0000 		sts downLevel,__zero_reg__
 619               	.LM100:
 620 037e 1092 0000 		sts (pwmCounter)+1,__zero_reg__
 621 0382 1092 0000 		sts pwmCounter,__zero_reg__
 622               	.L54:
 623               	.LM101:
 624 0386 8091 0000 		lds r24,downLevelLife
 625 038a 90E0      		ldi r25,lo8(0)
 626 038c 0E94 0000 		call timer1PWMBSet
 627 0390 00C0      		rjmp .L56
GAS LISTING C:\Users\21030\AppData\Local\Temp/ccWGFPqv.s 			page 12


 628               	.L47:
 629               	.LM102:
 630 0392 80E0      		ldi r24,lo8(0)
 631 0394 90E0      		ldi r25,hi8(0)
 632 0396 0E94 0000 		call timer1PWMBSet
 633               	.LM103:
 634 039a 0E94 0000 		call timer1PWMBOff
 635               	.LM104:
 636 039e 1092 0000 		sts (pwmCounter)+1,__zero_reg__
 637 03a2 1092 0000 		sts pwmCounter,__zero_reg__
 638               	.LM105:
 639 03a6 1092 0000 		sts (pwmDir)+1,__zero_reg__
 640 03aa 1092 0000 		sts pwmDir,__zero_reg__
 641               	.L56:
 642               	/* epilogue start */
 643               	.LM106:
 644 03ae 1F91      		pop r17
 645 03b0 0F91      		pop r16
 646 03b2 0895      		ret
 647               	.LFE9:
 648               		.size	led_fader, .-led_fader
 649               	.global	led_mode
 650               	.global	led_mode
 651               		.section .bss
 652               		.type	led_mode, @object
 653               		.size	led_mode, 2
 654               	led_mode:
 655 0000 0000      		.skip 2,0
 656               	.global	speed
 657               		.data
 658               		.type	speed, @object
 659               		.size	speed, 2
 660               	speed:
 661 0000 0400      		.word	4
 662               	.global	brigspeed
 663               		.type	brigspeed, @object
 664               		.size	brigspeed, 2
 665               	brigspeed:
 666 0002 0A00      		.word	10
 667               	.global	pwmDir
 668               	.global	pwmDir
 669               		.section .bss
 670               		.type	pwmDir, @object
 671               		.size	pwmDir, 2
 672               	pwmDir:
 673 0002 0000      		.skip 2,0
 674               		.lcomm downLevel,1
 675               		.lcomm downLevelStay,2
 676               		.lcomm downLevelLife,1
 677               		.data
 678               		.type	pwmCounter, @object
 679               		.size	pwmCounter, 2
 680               	pwmCounter:
 681 0004 0400      		.word	4
 682               		.comm LEDstate,1,1
 683               		.section	.debug_frame,"",@progbits
 684               	.Lframe0:
GAS LISTING C:\Users\21030\AppData\Local\Temp/ccWGFPqv.s 			page 13


 685 0000 0C00 0000 		.long	.LECIE0-.LSCIE0
 686               	.LSCIE0:
 687 0004 FFFF FFFF 		.long	0xffffffff
 688 0008 01        		.byte	0x1
 689 0009 00        		.string	""
 690 000a 01        		.uleb128 0x1
 691 000b 7F        		.sleb128 -1
 692 000c 24        		.byte	0x24
 693 000d 0C        		.byte	0xc
 694 000e 20        		.uleb128 0x20
 695 000f 00        		.uleb128 0x0
 696               		.p2align	2
 697               	.LECIE0:
 698               	.LSFDE0:
 699 0010 0C00 0000 		.long	.LEFDE0-.LASFDE0
 700               	.LASFDE0:
 701 0014 0000 0000 		.long	.Lframe0
 702 0018 0000 0000 		.long	.LFB7
 703 001c 3800 0000 		.long	.LFE7-.LFB7
 704               		.p2align	2
 705               	.LEFDE0:
 706               	.LSFDE2:
 707 0020 0C00 0000 		.long	.LEFDE2-.LASFDE2
 708               	.LASFDE2:
 709 0024 0000 0000 		.long	.Lframe0
 710 0028 0000 0000 		.long	.LFB10
 711 002c 6800 0000 		.long	.LFE10-.LFB10
 712               		.p2align	2
 713               	.LEFDE2:
 714               	.LSFDE4:
 715 0030 0C00 0000 		.long	.LEFDE4-.LASFDE4
 716               	.LASFDE4:
 717 0034 0000 0000 		.long	.Lframe0
 718 0038 0000 0000 		.long	.LFB13
 719 003c 3200 0000 		.long	.LFE13-.LFB13
 720               		.p2align	2
 721               	.LEFDE4:
 722               	.LSFDE6:
 723 0040 0C00 0000 		.long	.LEFDE6-.LASFDE6
 724               	.LASFDE6:
 725 0044 0000 0000 		.long	.Lframe0
 726 0048 0000 0000 		.long	.LFB12
 727 004c 3800 0000 		.long	.LFE12-.LFB12
 728               		.p2align	2
 729               	.LEFDE6:
 730               	.LSFDE8:
 731 0050 0C00 0000 		.long	.LEFDE8-.LASFDE8
 732               	.LASFDE8:
 733 0054 0000 0000 		.long	.Lframe0
 734 0058 0000 0000 		.long	.LFB11
 735 005c 1800 0000 		.long	.LFE11-.LFB11
 736               		.p2align	2
 737               	.LEFDE8:
 738               	.LSFDE10:
 739 0060 0C00 0000 		.long	.LEFDE10-.LASFDE10
 740               	.LASFDE10:
 741 0064 0000 0000 		.long	.Lframe0
GAS LISTING C:\Users\21030\AppData\Local\Temp/ccWGFPqv.s 			page 14


 742 0068 0000 0000 		.long	.LFB8
 743 006c 7A00 0000 		.long	.LFE8-.LFB8
 744               		.p2align	2
 745               	.LEFDE10:
 746               	.LSFDE12:
 747 0070 0C00 0000 		.long	.LEFDE12-.LASFDE12
 748               	.LASFDE12:
 749 0074 0000 0000 		.long	.Lframe0
 750 0078 0000 0000 		.long	.LFB9
 751 007c 1802 0000 		.long	.LFE9-.LFB9
 752               		.p2align	2
 753               	.LEFDE12:
 754               		.text
 755               	.Letext0:
 756               		.section	.debug_loc,"",@progbits
 757               	.Ldebug_loc0:
 758               	.LLST1:
 759 0000 0000 0000 		.long	.LVL0-.Ltext0
 760 0004 0400 0000 		.long	.LVL1-.Ltext0
 761 0008 0100      		.word	0x1
 762 000a 68        		.byte	0x68
 763 000b 0000 0000 		.long	0x0
 764 000f 0000 0000 		.long	0x0
 765               	.LLST3:
 766 0013 3800 0000 		.long	.LVL2-.Ltext0
 767 0017 3C00 0000 		.long	.LVL3-.Ltext0
 768 001b 0100      		.word	0x1
 769 001d 68        		.byte	0x68
 770 001e 3C00 0000 		.long	.LVL3-.Ltext0
 771 0022 A000 0000 		.long	.LFE10-.Ltext0
 772 0026 0100      		.word	0x1
 773 0028 64        		.byte	0x64
 774 0029 0000 0000 		.long	0x0
 775 002d 0000 0000 		.long	0x0
 776               	.LLST4:
 777 0031 4E00 0000 		.long	.LVL4-.Ltext0
 778 0035 5E00 0000 		.long	.LVL6-.Ltext0
 779 0039 0600      		.word	0x6
 780 003b 68        		.byte	0x68
 781 003c 93        		.byte	0x93
 782 003d 01        		.uleb128 0x1
 783 003e 69        		.byte	0x69
 784 003f 93        		.byte	0x93
 785 0040 01        		.uleb128 0x1
 786 0041 0000 0000 		.long	0x0
 787 0045 0000 0000 		.long	0x0
 788               	.LLST5:
 789 0049 5400 0000 		.long	.LVL5-.Ltext0
 790 004d 6E00 0000 		.long	.LVL8-.Ltext0
 791 0051 0600      		.word	0x6
 792 0053 6E        		.byte	0x6e
 793 0054 93        		.byte	0x93
 794 0055 01        		.uleb128 0x1
 795 0056 6F        		.byte	0x6f
 796 0057 93        		.byte	0x93
 797 0058 01        		.uleb128 0x1
 798 0059 0000 0000 		.long	0x0
GAS LISTING C:\Users\21030\AppData\Local\Temp/ccWGFPqv.s 			page 15


 799 005d 0000 0000 		.long	0x0
 800               	.LLST6:
 801 0061 6800 0000 		.long	.LVL7-.Ltext0
 802 0065 7800 0000 		.long	.LVL9-.Ltext0
 803 0069 0600      		.word	0x6
 804 006b 68        		.byte	0x68
 805 006c 93        		.byte	0x93
 806 006d 01        		.uleb128 0x1
 807 006e 69        		.byte	0x69
 808 006f 93        		.byte	0x93
 809 0070 01        		.uleb128 0x1
 810 0071 0000 0000 		.long	0x0
 811 0075 0000 0000 		.long	0x0
 812               	.LLST7:
 813 0079 6E00 0000 		.long	.LVL8-.Ltext0
 814 007d 9000 0000 		.long	.LVL11-.Ltext0
 815 0081 0600      		.word	0x6
 816 0083 6E        		.byte	0x6e
 817 0084 93        		.byte	0x93
 818 0085 01        		.uleb128 0x1
 819 0086 6F        		.byte	0x6f
 820 0087 93        		.byte	0x93
 821 0088 01        		.uleb128 0x1
 822 0089 0000 0000 		.long	0x0
 823 008d 0000 0000 		.long	0x0
 824               	.LLST8:
 825 0091 8A00 0000 		.long	.LVL10-.Ltext0
 826 0095 9A00 0000 		.long	.LVL12-.Ltext0
 827 0099 0600      		.word	0x6
 828 009b 68        		.byte	0x68
 829 009c 93        		.byte	0x93
 830 009d 01        		.uleb128 0x1
 831 009e 69        		.byte	0x69
 832 009f 93        		.byte	0x93
 833 00a0 01        		.uleb128 0x1
 834 00a1 0000 0000 		.long	0x0
 835 00a5 0000 0000 		.long	0x0
 836               	.LLST11:
 837 00a9 D200 0000 		.long	.LVL13-.Ltext0
 838 00ad F200 0000 		.long	.LVL14-.Ltext0
 839 00b1 0600      		.word	0x6
 840 00b3 68        		.byte	0x68
 841 00b4 93        		.byte	0x93
 842 00b5 01        		.uleb128 0x1
 843 00b6 69        		.byte	0x69
 844 00b7 93        		.byte	0x93
 845 00b8 01        		.uleb128 0x1
 846 00b9 FC00 0000 		.long	.LVL15-.Ltext0
 847 00bd 0001 0000 		.long	.LVL16-.Ltext0
 848 00c1 0600      		.word	0x6
 849 00c3 68        		.byte	0x68
 850 00c4 93        		.byte	0x93
 851 00c5 01        		.uleb128 0x1
 852 00c6 69        		.byte	0x69
 853 00c7 93        		.byte	0x93
 854 00c8 01        		.uleb128 0x1
 855 00c9 0000 0000 		.long	0x0
GAS LISTING C:\Users\21030\AppData\Local\Temp/ccWGFPqv.s 			page 16


 856 00cd 0000 0000 		.long	0x0
 857               	.LLST14:
 858 00d1 2201 0000 		.long	.LVL17-.Ltext0
 859 00d5 4801 0000 		.long	.LVL18-.Ltext0
 860 00d9 0600      		.word	0x6
 861 00db 68        		.byte	0x68
 862 00dc 93        		.byte	0x93
 863 00dd 01        		.uleb128 0x1
 864 00de 69        		.byte	0x69
 865 00df 93        		.byte	0x93
 866 00e0 01        		.uleb128 0x1
 867 00e1 5201 0000 		.long	.LVL19-.Ltext0
 868 00e5 5E01 0000 		.long	.LVL20-.Ltext0
 869 00e9 0600      		.word	0x6
 870 00eb 68        		.byte	0x68
 871 00ec 93        		.byte	0x93
 872 00ed 01        		.uleb128 0x1
 873 00ee 69        		.byte	0x69
 874 00ef 93        		.byte	0x93
 875 00f0 01        		.uleb128 0x1
 876 00f1 7401 0000 		.long	.LVL21-.Ltext0
 877 00f5 8E01 0000 		.long	.LVL22-.Ltext0
 878 00f9 0600      		.word	0x6
 879 00fb 68        		.byte	0x68
 880 00fc 93        		.byte	0x93
 881 00fd 01        		.uleb128 0x1
 882 00fe 69        		.byte	0x69
 883 00ff 93        		.byte	0x93
 884 0100 01        		.uleb128 0x1
 885 0101 9401 0000 		.long	.LVL23-.Ltext0
 886 0105 9C01 0000 		.long	.LFE8-.Ltext0
 887 0109 0600      		.word	0x6
 888 010b 68        		.byte	0x68
 889 010c 93        		.byte	0x93
 890 010d 01        		.uleb128 0x1
 891 010e 69        		.byte	0x69
 892 010f 93        		.byte	0x93
 893 0110 01        		.uleb128 0x1
 894 0111 0000 0000 		.long	0x0
 895 0115 0000 0000 		.long	0x0
 896               		.section	.debug_info
 897 0000 9C03 0000 		.long	0x39c
 898 0004 0200      		.word	0x2
 899 0006 0000 0000 		.long	.Ldebug_abbrev0
 900 000a 04        		.byte	0x4
 901 000b 01        		.uleb128 0x1
 902 000c 0000 0000 		.long	.LASF50
 903 0010 01        		.byte	0x1
 904 0011 0000 0000 		.long	.LASF51
 905 0015 0000 0000 		.long	.LASF52
 906 0019 0000 0000 		.long	.Ltext0
 907 001d 0000 0000 		.long	.Letext0
 908 0021 0000 0000 		.long	.Ldebug_line0
 909 0025 02        		.uleb128 0x2
 910 0026 01        		.byte	0x1
 911 0027 06        		.byte	0x6
 912 0028 0000 0000 		.long	.LASF0
GAS LISTING C:\Users\21030\AppData\Local\Temp/ccWGFPqv.s 			page 17


 913 002c 03        		.uleb128 0x3
 914 002d 0000 0000 		.long	.LASF2
 915 0031 04        		.byte	0x4
 916 0032 7A        		.byte	0x7a
 917 0033 3700 0000 		.long	0x37
 918 0037 02        		.uleb128 0x2
 919 0038 01        		.byte	0x1
 920 0039 08        		.byte	0x8
 921 003a 0000 0000 		.long	.LASF1
 922 003e 03        		.uleb128 0x3
 923 003f 0000 0000 		.long	.LASF3
 924 0043 04        		.byte	0x4
 925 0044 7B        		.byte	0x7b
 926 0045 4900 0000 		.long	0x49
 927 0049 04        		.uleb128 0x4
 928 004a 02        		.byte	0x2
 929 004b 05        		.byte	0x5
 930 004c 696E 7400 		.string	"int"
 931 0050 03        		.uleb128 0x3
 932 0051 0000 0000 		.long	.LASF4
 933 0055 04        		.byte	0x4
 934 0056 7C        		.byte	0x7c
 935 0057 5B00 0000 		.long	0x5b
 936 005b 02        		.uleb128 0x2
 937 005c 02        		.byte	0x2
 938 005d 07        		.byte	0x7
 939 005e 0000 0000 		.long	.LASF5
 940 0062 02        		.uleb128 0x2
 941 0063 04        		.byte	0x4
 942 0064 05        		.byte	0x5
 943 0065 0000 0000 		.long	.LASF6
 944 0069 02        		.uleb128 0x2
 945 006a 04        		.byte	0x4
 946 006b 07        		.byte	0x7
 947 006c 0000 0000 		.long	.LASF7
 948 0070 02        		.uleb128 0x2
 949 0071 08        		.byte	0x8
 950 0072 05        		.byte	0x5
 951 0073 0000 0000 		.long	.LASF8
 952 0077 02        		.uleb128 0x2
 953 0078 08        		.byte	0x8
 954 0079 07        		.byte	0x7
 955 007a 0000 0000 		.long	.LASF9
 956 007e 05        		.uleb128 0x5
 957 007f 01        		.byte	0x1
 958 0080 06        		.byte	0x6
 959 0081 05        		.uleb128 0x5
 960 0082 01        		.byte	0x1
 961 0083 08        		.byte	0x8
 962 0084 02        		.uleb128 0x2
 963 0085 01        		.byte	0x1
 964 0086 06        		.byte	0x6
 965 0087 0000 0000 		.long	.LASF10
 966 008b 06        		.uleb128 0x6
 967 008c 02        		.byte	0x2
 968 008d 05        		.byte	0x5
 969 008e 1B        		.byte	0x1b
GAS LISTING C:\Users\21030\AppData\Local\Temp/ccWGFPqv.s 			page 18


 970 008f C400 0000 		.long	0xc4
 971 0093 07        		.uleb128 0x7
 972 0094 0000 0000 		.long	.LASF11
 973 0098 00        		.sleb128 0
 974 0099 07        		.uleb128 0x7
 975 009a 0000 0000 		.long	.LASF12
 976 009e 01        		.sleb128 1
 977 009f 07        		.uleb128 0x7
 978 00a0 0000 0000 		.long	.LASF13
 979 00a4 02        		.sleb128 2
 980 00a5 07        		.uleb128 0x7
 981 00a6 0000 0000 		.long	.LASF14
 982 00aa 03        		.sleb128 3
 983 00ab 07        		.uleb128 0x7
 984 00ac 0000 0000 		.long	.LASF15
 985 00b0 04        		.sleb128 4
 986 00b1 07        		.uleb128 0x7
 987 00b2 0000 0000 		.long	.LASF16
 988 00b6 05        		.sleb128 5
 989 00b7 07        		.uleb128 0x7
 990 00b8 0000 0000 		.long	.LASF17
 991 00bc 06        		.sleb128 6
 992 00bd 07        		.uleb128 0x7
 993 00be 0000 0000 		.long	.LASF18
 994 00c2 07        		.sleb128 7
 995 00c3 00        		.byte	0x0
 996 00c4 03        		.uleb128 0x3
 997 00c5 0000 0000 		.long	.LASF19
 998 00c9 05        		.byte	0x5
 999 00ca 24        		.byte	0x24
 1000 00cb 8B00 0000 		.long	0x8b
 1001 00cf 02        		.uleb128 0x2
 1002 00d0 02        		.byte	0x2
 1003 00d1 07        		.byte	0x7
 1004 00d2 0000 0000 		.long	.LASF20
 1005 00d6 02        		.uleb128 0x2
 1006 00d7 02        		.byte	0x2
 1007 00d8 05        		.byte	0x5
 1008 00d9 0000 0000 		.long	.LASF21
 1009 00dd 08        		.uleb128 0x8
 1010 00de 0000 0000 		.long	.LASF22
 1011 00e2 02        		.byte	0x2
 1012 00e3 68        		.byte	0x68
 1013 00e4 01        		.byte	0x1
 1014 00e5 03        		.byte	0x3
 1015 00e6 F600 0000 		.long	0xf6
 1016 00ea 09        		.uleb128 0x9
 1017 00eb 0000 0000 		.long	.LASF24
 1018 00ef 02        		.byte	0x2
 1019 00f0 67        		.byte	0x67
 1020 00f1 5000 0000 		.long	0x50
 1021 00f5 00        		.byte	0x0
 1022 00f6 08        		.uleb128 0x8
 1023 00f7 0000 0000 		.long	.LASF23
 1024 00fb 03        		.byte	0x3
 1025 00fc 6F        		.byte	0x6f
 1026 00fd 01        		.byte	0x1
GAS LISTING C:\Users\21030\AppData\Local\Temp/ccWGFPqv.s 			page 19


 1027 00fe 03        		.byte	0x3
 1028 00ff 2701 0000 		.long	0x127
 1029 0103 09        		.uleb128 0x9
 1030 0104 0000 0000 		.long	.LASF25
 1031 0108 03        		.byte	0x3
 1032 0109 6E        		.byte	0x6e
 1033 010a 2701 0000 		.long	0x127
 1034 010e 0A        		.uleb128 0xa
 1035 010f 0000 0000 		.long	.LASF26
 1036 0113 03        		.byte	0x3
 1037 0114 70        		.byte	0x70
 1038 0115 5000 0000 		.long	0x50
 1039 0119 0A        		.uleb128 0xa
 1040 011a 0000 0000 		.long	.LASF27
 1041 011e 03        		.byte	0x3
 1042 011f 71        		.byte	0x71
 1043 0120 2701 0000 		.long	0x127
 1044 0124 0B        		.uleb128 0xb
 1045 0125 0B        		.uleb128 0xb
 1046 0126 00        		.byte	0x0
 1047 0127 02        		.uleb128 0x2
 1048 0128 04        		.byte	0x4
 1049 0129 04        		.byte	0x4
 1050 012a 0000 0000 		.long	.LASF28
 1051 012e 0C        		.uleb128 0xc
 1052 012f 01        		.byte	0x1
 1053 0130 0000 0000 		.long	.LASF29
 1054 0134 01        		.byte	0x1
 1055 0135 25        		.byte	0x25
 1056 0136 01        		.byte	0x1
 1057 0137 0000 0000 		.long	.LFB7
 1058 013b 0000 0000 		.long	.LFE7
 1059 013f 02        		.byte	0x2
 1060 0140 90        		.byte	0x90
 1061 0141 20        		.uleb128 0x20
 1062 0142 5601 0000 		.long	0x156
 1063 0146 0D        		.uleb128 0xd
 1064 0147 0000 0000 		.long	.LASF31
 1065 014b 01        		.byte	0x1
 1066 014c 24        		.byte	0x24
 1067 014d 2C00 0000 		.long	0x2c
 1068 0151 0000 0000 		.long	.LLST1
 1069 0155 00        		.byte	0x0
 1070 0156 0C        		.uleb128 0xc
 1071 0157 01        		.byte	0x1
 1072 0158 0000 0000 		.long	.LASF30
 1073 015c 01        		.byte	0x1
 1074 015d BD        		.byte	0xbd
 1075 015e 01        		.byte	0x1
 1076 015f 0000 0000 		.long	.LFB10
 1077 0163 0000 0000 		.long	.LFE10
 1078 0167 02        		.byte	0x2
 1079 0168 90        		.byte	0x90
 1080 0169 20        		.uleb128 0x20
 1081 016a 5B02 0000 		.long	0x25b
 1082 016e 0D        		.uleb128 0xd
 1083 016f 0000 0000 		.long	.LASF32
GAS LISTING C:\Users\21030\AppData\Local\Temp/ccWGFPqv.s 			page 20


 1084 0173 01        		.byte	0x1
 1085 0174 BC        		.byte	0xbc
 1086 0175 2C00 0000 		.long	0x2c
 1087 0179 0000 0000 		.long	.LLST3
 1088 017d 0E        		.uleb128 0xe
 1089 017e F600 0000 		.long	0xf6
 1090 0182 0000 0000 		.long	.LBB24
 1091 0186 0000 0000 		.long	.LBE24
 1092 018a 01        		.byte	0x1
 1093 018b C4        		.byte	0xc4
 1094 018c C701 0000 		.long	0x1c7
 1095 0190 0F        		.uleb128 0xf
 1096 0191 0301 0000 		.long	0x103
 1097 0195 10        		.uleb128 0x10
 1098 0196 0000 0000 		.long	.LBB25
 1099 019a 0000 0000 		.long	.LBE25
 1100 019e 11        		.uleb128 0x11
 1101 019f 0E01 0000 		.long	0x10e
 1102 01a3 0000 0000 		.long	.LLST4
 1103 01a7 12        		.uleb128 0x12
 1104 01a8 1901 0000 		.long	0x119
 1105 01ac 13        		.uleb128 0x13
 1106 01ad DD00 0000 		.long	0xdd
 1107 01b1 0000 0000 		.long	.LBB26
 1108 01b5 0000 0000 		.long	.LBE26
 1109 01b9 03        		.byte	0x3
 1110 01ba 7B        		.byte	0x7b
 1111 01bb 14        		.uleb128 0x14
 1112 01bc EA00 0000 		.long	0xea
 1113 01c0 0000 0000 		.long	.LLST5
 1114 01c4 00        		.byte	0x0
 1115 01c5 00        		.byte	0x0
 1116 01c6 00        		.byte	0x0
 1117 01c7 0E        		.uleb128 0xe
 1118 01c8 F600 0000 		.long	0xf6
 1119 01cc 0000 0000 		.long	.LBB28
 1120 01d0 0000 0000 		.long	.LBE28
 1121 01d4 01        		.byte	0x1
 1122 01d5 C8        		.byte	0xc8
 1123 01d6 1102 0000 		.long	0x211
 1124 01da 0F        		.uleb128 0xf
 1125 01db 0301 0000 		.long	0x103
 1126 01df 10        		.uleb128 0x10
 1127 01e0 0000 0000 		.long	.LBB29
 1128 01e4 0000 0000 		.long	.LBE29
 1129 01e8 11        		.uleb128 0x11
 1130 01e9 0E01 0000 		.long	0x10e
 1131 01ed 0000 0000 		.long	.LLST6
 1132 01f1 12        		.uleb128 0x12
 1133 01f2 1901 0000 		.long	0x119
 1134 01f6 13        		.uleb128 0x13
 1135 01f7 DD00 0000 		.long	0xdd
 1136 01fb 0000 0000 		.long	.LBB30
 1137 01ff 0000 0000 		.long	.LBE30
 1138 0203 03        		.byte	0x3
 1139 0204 7B        		.byte	0x7b
 1140 0205 14        		.uleb128 0x14
GAS LISTING C:\Users\21030\AppData\Local\Temp/ccWGFPqv.s 			page 21


 1141 0206 EA00 0000 		.long	0xea
 1142 020a 0000 0000 		.long	.LLST7
 1143 020e 00        		.byte	0x0
 1144 020f 00        		.byte	0x0
 1145 0210 00        		.byte	0x0
 1146 0211 13        		.uleb128 0x13
 1147 0212 F600 0000 		.long	0xf6
 1148 0216 0000 0000 		.long	.LBB32
 1149 021a 0000 0000 		.long	.LBE32
 1150 021e 01        		.byte	0x1
 1151 021f CF        		.byte	0xcf
 1152 0220 0F        		.uleb128 0xf
 1153 0221 0301 0000 		.long	0x103
 1154 0225 10        		.uleb128 0x10
 1155 0226 0000 0000 		.long	.LBB33
 1156 022a 0000 0000 		.long	.LBE33
 1157 022e 11        		.uleb128 0x11
 1158 022f 0E01 0000 		.long	0x10e
 1159 0233 0000 0000 		.long	.LLST8
 1160 0237 12        		.uleb128 0x12
 1161 0238 1901 0000 		.long	0x119
 1162 023c 13        		.uleb128 0x13
 1163 023d DD00 0000 		.long	0xdd
 1164 0241 0000 0000 		.long	.LBB34
 1165 0245 0000 0000 		.long	.LBE34
 1166 0249 03        		.byte	0x3
 1167 024a 7B        		.byte	0x7b
 1168 024b 15        		.uleb128 0x15
 1169 024c EA00 0000 		.long	0xea
 1170 0250 06        		.byte	0x6
 1171 0251 6E        		.byte	0x6e
 1172 0252 93        		.byte	0x93
 1173 0253 01        		.uleb128 0x1
 1174 0254 6F        		.byte	0x6f
 1175 0255 93        		.byte	0x93
 1176 0256 01        		.uleb128 0x1
 1177 0257 00        		.byte	0x0
 1178 0258 00        		.byte	0x0
 1179 0259 00        		.byte	0x0
 1180 025a 00        		.byte	0x0
 1181 025b 16        		.uleb128 0x16
 1182 025c 01        		.byte	0x1
 1183 025d 0000 0000 		.long	.LASF35
 1184 0261 01        		.byte	0x1
 1185 0262 F2        		.byte	0xf2
 1186 0263 01        		.byte	0x1
 1187 0264 0000 0000 		.long	.LFB13
 1188 0268 0000 0000 		.long	.LFE13
 1189 026c 02        		.byte	0x2
 1190 026d 90        		.byte	0x90
 1191 026e 20        		.uleb128 0x20
 1192 026f 0C        		.uleb128 0xc
 1193 0270 01        		.byte	0x1
 1194 0271 0000 0000 		.long	.LASF33
 1195 0275 01        		.byte	0x1
 1196 0276 DA        		.byte	0xda
 1197 0277 01        		.byte	0x1
GAS LISTING C:\Users\21030\AppData\Local\Temp/ccWGFPqv.s 			page 22


 1198 0278 0000 0000 		.long	.LFB12
 1199 027c 0000 0000 		.long	.LFE12
 1200 0280 02        		.byte	0x2
 1201 0281 90        		.byte	0x90
 1202 0282 20        		.uleb128 0x20
 1203 0283 9702 0000 		.long	0x297
 1204 0287 0D        		.uleb128 0xd
 1205 0288 0000 0000 		.long	.LASF34
 1206 028c 01        		.byte	0x1
 1207 028d D9        		.byte	0xd9
 1208 028e 4900 0000 		.long	0x49
 1209 0292 0000 0000 		.long	.LLST11
 1210 0296 00        		.byte	0x0
 1211 0297 16        		.uleb128 0x16
 1212 0298 01        		.byte	0x1
 1213 0299 0000 0000 		.long	.LASF36
 1214 029d 01        		.byte	0x1
 1215 029e D4        		.byte	0xd4
 1216 029f 01        		.byte	0x1
 1217 02a0 0000 0000 		.long	.LFB11
 1218 02a4 0000 0000 		.long	.LFE11
 1219 02a8 02        		.byte	0x2
 1220 02a9 90        		.byte	0x90
 1221 02aa 20        		.uleb128 0x20
 1222 02ab 0C        		.uleb128 0xc
 1223 02ac 01        		.byte	0x1
 1224 02ad 0000 0000 		.long	.LASF37
 1225 02b1 01        		.byte	0x1
 1226 02b2 3D        		.byte	0x3d
 1227 02b3 01        		.byte	0x1
 1228 02b4 0000 0000 		.long	.LFB8
 1229 02b8 0000 0000 		.long	.LFE8
 1230 02bc 02        		.byte	0x2
 1231 02bd 90        		.byte	0x90
 1232 02be 20        		.uleb128 0x20
 1233 02bf D302 0000 		.long	0x2d3
 1234 02c3 0D        		.uleb128 0xd
 1235 02c4 0000 0000 		.long	.LASF38
 1236 02c8 01        		.byte	0x1
 1237 02c9 3C        		.byte	0x3c
 1238 02ca 4900 0000 		.long	0x49
 1239 02ce 0000 0000 		.long	.LLST14
 1240 02d2 00        		.byte	0x0
 1241 02d3 16        		.uleb128 0x16
 1242 02d4 01        		.byte	0x1
 1243 02d5 0000 0000 		.long	.LASF39
 1244 02d9 01        		.byte	0x1
 1245 02da 68        		.byte	0x68
 1246 02db 01        		.byte	0x1
 1247 02dc 0000 0000 		.long	.LFB9
 1248 02e0 0000 0000 		.long	.LFE9
 1249 02e4 02        		.byte	0x2
 1250 02e5 90        		.byte	0x90
 1251 02e6 20        		.uleb128 0x20
 1252 02e7 17        		.uleb128 0x17
 1253 02e8 0000 0000 		.long	.LASF40
 1254 02ec 01        		.byte	0x1
GAS LISTING C:\Users\21030\AppData\Local\Temp/ccWGFPqv.s 			page 23


 1255 02ed 17        		.byte	0x17
 1256 02ee 5000 0000 		.long	0x50
 1257 02f2 05        		.byte	0x5
 1258 02f3 03        		.byte	0x3
 1259 02f4 0000 0000 		.long	downLevelStay
 1260 02f8 17        		.uleb128 0x17
 1261 02f9 0000 0000 		.long	.LASF41
 1262 02fd 01        		.byte	0x1
 1263 02fe 18        		.byte	0x18
 1264 02ff 2C00 0000 		.long	0x2c
 1265 0303 05        		.byte	0x5
 1266 0304 03        		.byte	0x3
 1267 0305 0000 0000 		.long	downLevel
 1268 0309 17        		.uleb128 0x17
 1269 030a 0000 0000 		.long	.LASF42
 1270 030e 01        		.byte	0x1
 1271 030f 1A        		.byte	0x1a
 1272 0310 2C00 0000 		.long	0x2c
 1273 0314 05        		.byte	0x5
 1274 0315 03        		.byte	0x3
 1275 0316 0000 0000 		.long	downLevelLife
 1276 031a 17        		.uleb128 0x17
 1277 031b 0000 0000 		.long	.LASF43
 1278 031f 01        		.byte	0x1
 1279 0320 21        		.byte	0x21
 1280 0321 4900 0000 		.long	0x49
 1281 0325 05        		.byte	0x5
 1282 0326 03        		.byte	0x3
 1283 0327 0000 0000 		.long	pwmCounter
 1284 032b 18        		.uleb128 0x18
 1285 032c 0000 0000 		.long	.LASF44
 1286 0330 01        		.byte	0x1
 1287 0331 13        		.byte	0x13
 1288 0332 C400 0000 		.long	0xc4
 1289 0336 01        		.byte	0x1
 1290 0337 05        		.byte	0x5
 1291 0338 03        		.byte	0x3
 1292 0339 0000 0000 		.long	led_mode
 1293 033d 18        		.uleb128 0x18
 1294 033e 0000 0000 		.long	.LASF31
 1295 0342 01        		.byte	0x1
 1296 0343 14        		.byte	0x14
 1297 0344 2C00 0000 		.long	0x2c
 1298 0348 01        		.byte	0x1
 1299 0349 05        		.byte	0x5
 1300 034a 03        		.byte	0x3
 1301 034b 0000 0000 		.long	LEDstate
 1302 034f 19        		.uleb128 0x19
 1303 0350 0000 0000 		.long	.LASF45
 1304 0354 01        		.byte	0x1
 1305 0355 1C        		.byte	0x1c
 1306 0356 3E00 0000 		.long	0x3e
 1307 035a 01        		.byte	0x1
 1308 035b 01        		.byte	0x1
 1309 035c 19        		.uleb128 0x19
 1310 035d 0000 0000 		.long	.LASF46
 1311 0361 01        		.byte	0x1
GAS LISTING C:\Users\21030\AppData\Local\Temp/ccWGFPqv.s 			page 24


 1312 0362 1D        		.byte	0x1d
 1313 0363 2C00 0000 		.long	0x2c
 1314 0367 01        		.byte	0x1
 1315 0368 01        		.byte	0x1
 1316 0369 18        		.uleb128 0x18
 1317 036a 0000 0000 		.long	.LASF47
 1318 036e 01        		.byte	0x1
 1319 036f 1E        		.byte	0x1e
 1320 0370 4900 0000 		.long	0x49
 1321 0374 01        		.byte	0x1
 1322 0375 05        		.byte	0x5
 1323 0376 03        		.byte	0x3
 1324 0377 0000 0000 		.long	speed
 1325 037b 18        		.uleb128 0x18
 1326 037c 0000 0000 		.long	.LASF48
 1327 0380 01        		.byte	0x1
 1328 0381 1F        		.byte	0x1f
 1329 0382 4900 0000 		.long	0x49
 1330 0386 01        		.byte	0x1
 1331 0387 05        		.byte	0x5
 1332 0388 03        		.byte	0x3
 1333 0389 0000 0000 		.long	brigspeed
 1334 038d 18        		.uleb128 0x18
 1335 038e 0000 0000 		.long	.LASF49
 1336 0392 01        		.byte	0x1
 1337 0393 20        		.byte	0x20
 1338 0394 4900 0000 		.long	0x49
 1339 0398 01        		.byte	0x1
 1340 0399 05        		.byte	0x5
 1341 039a 03        		.byte	0x3
 1342 039b 0000 0000 		.long	pwmDir
 1343 039f 00        		.byte	0x0
 1344               		.section	.debug_abbrev
 1345 0000 01        		.uleb128 0x1
 1346 0001 11        		.uleb128 0x11
 1347 0002 01        		.byte	0x1
 1348 0003 25        		.uleb128 0x25
 1349 0004 0E        		.uleb128 0xe
 1350 0005 13        		.uleb128 0x13
 1351 0006 0B        		.uleb128 0xb
 1352 0007 03        		.uleb128 0x3
 1353 0008 0E        		.uleb128 0xe
 1354 0009 1B        		.uleb128 0x1b
 1355 000a 0E        		.uleb128 0xe
 1356 000b 11        		.uleb128 0x11
 1357 000c 01        		.uleb128 0x1
 1358 000d 12        		.uleb128 0x12
 1359 000e 01        		.uleb128 0x1
 1360 000f 10        		.uleb128 0x10
 1361 0010 06        		.uleb128 0x6
 1362 0011 00        		.byte	0x0
 1363 0012 00        		.byte	0x0
 1364 0013 02        		.uleb128 0x2
 1365 0014 24        		.uleb128 0x24
 1366 0015 00        		.byte	0x0
 1367 0016 0B        		.uleb128 0xb
 1368 0017 0B        		.uleb128 0xb
GAS LISTING C:\Users\21030\AppData\Local\Temp/ccWGFPqv.s 			page 25


 1369 0018 3E        		.uleb128 0x3e
 1370 0019 0B        		.uleb128 0xb
 1371 001a 03        		.uleb128 0x3
 1372 001b 0E        		.uleb128 0xe
 1373 001c 00        		.byte	0x0
 1374 001d 00        		.byte	0x0
 1375 001e 03        		.uleb128 0x3
 1376 001f 16        		.uleb128 0x16
 1377 0020 00        		.byte	0x0
 1378 0021 03        		.uleb128 0x3
 1379 0022 0E        		.uleb128 0xe
 1380 0023 3A        		.uleb128 0x3a
 1381 0024 0B        		.uleb128 0xb
 1382 0025 3B        		.uleb128 0x3b
 1383 0026 0B        		.uleb128 0xb
 1384 0027 49        		.uleb128 0x49
 1385 0028 13        		.uleb128 0x13
 1386 0029 00        		.byte	0x0
 1387 002a 00        		.byte	0x0
 1388 002b 04        		.uleb128 0x4
 1389 002c 24        		.uleb128 0x24
 1390 002d 00        		.byte	0x0
 1391 002e 0B        		.uleb128 0xb
 1392 002f 0B        		.uleb128 0xb
 1393 0030 3E        		.uleb128 0x3e
 1394 0031 0B        		.uleb128 0xb
 1395 0032 03        		.uleb128 0x3
 1396 0033 08        		.uleb128 0x8
 1397 0034 00        		.byte	0x0
 1398 0035 00        		.byte	0x0
 1399 0036 05        		.uleb128 0x5
 1400 0037 24        		.uleb128 0x24
 1401 0038 00        		.byte	0x0
 1402 0039 0B        		.uleb128 0xb
 1403 003a 0B        		.uleb128 0xb
 1404 003b 3E        		.uleb128 0x3e
 1405 003c 0B        		.uleb128 0xb
 1406 003d 00        		.byte	0x0
 1407 003e 00        		.byte	0x0
 1408 003f 06        		.uleb128 0x6
 1409 0040 04        		.uleb128 0x4
 1410 0041 01        		.byte	0x1
 1411 0042 0B        		.uleb128 0xb
 1412 0043 0B        		.uleb128 0xb
 1413 0044 3A        		.uleb128 0x3a
 1414 0045 0B        		.uleb128 0xb
 1415 0046 3B        		.uleb128 0x3b
 1416 0047 0B        		.uleb128 0xb
 1417 0048 01        		.uleb128 0x1
 1418 0049 13        		.uleb128 0x13
 1419 004a 00        		.byte	0x0
 1420 004b 00        		.byte	0x0
 1421 004c 07        		.uleb128 0x7
 1422 004d 28        		.uleb128 0x28
 1423 004e 00        		.byte	0x0
 1424 004f 03        		.uleb128 0x3
 1425 0050 0E        		.uleb128 0xe
GAS LISTING C:\Users\21030\AppData\Local\Temp/ccWGFPqv.s 			page 26


 1426 0051 1C        		.uleb128 0x1c
 1427 0052 0D        		.uleb128 0xd
 1428 0053 00        		.byte	0x0
 1429 0054 00        		.byte	0x0
 1430 0055 08        		.uleb128 0x8
 1431 0056 2E        		.uleb128 0x2e
 1432 0057 01        		.byte	0x1
 1433 0058 03        		.uleb128 0x3
 1434 0059 0E        		.uleb128 0xe
 1435 005a 3A        		.uleb128 0x3a
 1436 005b 0B        		.uleb128 0xb
 1437 005c 3B        		.uleb128 0x3b
 1438 005d 0B        		.uleb128 0xb
 1439 005e 27        		.uleb128 0x27
 1440 005f 0C        		.uleb128 0xc
 1441 0060 20        		.uleb128 0x20
 1442 0061 0B        		.uleb128 0xb
 1443 0062 01        		.uleb128 0x1
 1444 0063 13        		.uleb128 0x13
 1445 0064 00        		.byte	0x0
 1446 0065 00        		.byte	0x0
 1447 0066 09        		.uleb128 0x9
 1448 0067 05        		.uleb128 0x5
 1449 0068 00        		.byte	0x0
 1450 0069 03        		.uleb128 0x3
 1451 006a 0E        		.uleb128 0xe
 1452 006b 3A        		.uleb128 0x3a
 1453 006c 0B        		.uleb128 0xb
 1454 006d 3B        		.uleb128 0x3b
 1455 006e 0B        		.uleb128 0xb
 1456 006f 49        		.uleb128 0x49
 1457 0070 13        		.uleb128 0x13
 1458 0071 00        		.byte	0x0
 1459 0072 00        		.byte	0x0
 1460 0073 0A        		.uleb128 0xa
 1461 0074 34        		.uleb128 0x34
 1462 0075 00        		.byte	0x0
 1463 0076 03        		.uleb128 0x3
 1464 0077 0E        		.uleb128 0xe
 1465 0078 3A        		.uleb128 0x3a
 1466 0079 0B        		.uleb128 0xb
 1467 007a 3B        		.uleb128 0x3b
 1468 007b 0B        		.uleb128 0xb
 1469 007c 49        		.uleb128 0x49
 1470 007d 13        		.uleb128 0x13
 1471 007e 00        		.byte	0x0
 1472 007f 00        		.byte	0x0
 1473 0080 0B        		.uleb128 0xb
 1474 0081 0B        		.uleb128 0xb
 1475 0082 00        		.byte	0x0
 1476 0083 00        		.byte	0x0
 1477 0084 00        		.byte	0x0
 1478 0085 0C        		.uleb128 0xc
 1479 0086 2E        		.uleb128 0x2e
 1480 0087 01        		.byte	0x1
 1481 0088 3F        		.uleb128 0x3f
 1482 0089 0C        		.uleb128 0xc
GAS LISTING C:\Users\21030\AppData\Local\Temp/ccWGFPqv.s 			page 27


 1483 008a 03        		.uleb128 0x3
 1484 008b 0E        		.uleb128 0xe
 1485 008c 3A        		.uleb128 0x3a
 1486 008d 0B        		.uleb128 0xb
 1487 008e 3B        		.uleb128 0x3b
 1488 008f 0B        		.uleb128 0xb
 1489 0090 27        		.uleb128 0x27
 1490 0091 0C        		.uleb128 0xc
 1491 0092 11        		.uleb128 0x11
 1492 0093 01        		.uleb128 0x1
 1493 0094 12        		.uleb128 0x12
 1494 0095 01        		.uleb128 0x1
 1495 0096 40        		.uleb128 0x40
 1496 0097 0A        		.uleb128 0xa
 1497 0098 01        		.uleb128 0x1
 1498 0099 13        		.uleb128 0x13
 1499 009a 00        		.byte	0x0
 1500 009b 00        		.byte	0x0
 1501 009c 0D        		.uleb128 0xd
 1502 009d 05        		.uleb128 0x5
 1503 009e 00        		.byte	0x0
 1504 009f 03        		.uleb128 0x3
 1505 00a0 0E        		.uleb128 0xe
 1506 00a1 3A        		.uleb128 0x3a
 1507 00a2 0B        		.uleb128 0xb
 1508 00a3 3B        		.uleb128 0x3b
 1509 00a4 0B        		.uleb128 0xb
 1510 00a5 49        		.uleb128 0x49
 1511 00a6 13        		.uleb128 0x13
 1512 00a7 02        		.uleb128 0x2
 1513 00a8 06        		.uleb128 0x6
 1514 00a9 00        		.byte	0x0
 1515 00aa 00        		.byte	0x0
 1516 00ab 0E        		.uleb128 0xe
 1517 00ac 1D        		.uleb128 0x1d
 1518 00ad 01        		.byte	0x1
 1519 00ae 31        		.uleb128 0x31
 1520 00af 13        		.uleb128 0x13
 1521 00b0 11        		.uleb128 0x11
 1522 00b1 01        		.uleb128 0x1
 1523 00b2 12        		.uleb128 0x12
 1524 00b3 01        		.uleb128 0x1
 1525 00b4 58        		.uleb128 0x58
 1526 00b5 0B        		.uleb128 0xb
 1527 00b6 59        		.uleb128 0x59
 1528 00b7 0B        		.uleb128 0xb
 1529 00b8 01        		.uleb128 0x1
 1530 00b9 13        		.uleb128 0x13
 1531 00ba 00        		.byte	0x0
 1532 00bb 00        		.byte	0x0
 1533 00bc 0F        		.uleb128 0xf
 1534 00bd 05        		.uleb128 0x5
 1535 00be 00        		.byte	0x0
 1536 00bf 31        		.uleb128 0x31
 1537 00c0 13        		.uleb128 0x13
 1538 00c1 00        		.byte	0x0
 1539 00c2 00        		.byte	0x0
GAS LISTING C:\Users\21030\AppData\Local\Temp/ccWGFPqv.s 			page 28


 1540 00c3 10        		.uleb128 0x10
 1541 00c4 0B        		.uleb128 0xb
 1542 00c5 01        		.byte	0x1
 1543 00c6 11        		.uleb128 0x11
 1544 00c7 01        		.uleb128 0x1
 1545 00c8 12        		.uleb128 0x12
 1546 00c9 01        		.uleb128 0x1
 1547 00ca 00        		.byte	0x0
 1548 00cb 00        		.byte	0x0
 1549 00cc 11        		.uleb128 0x11
 1550 00cd 34        		.uleb128 0x34
 1551 00ce 00        		.byte	0x0
 1552 00cf 31        		.uleb128 0x31
 1553 00d0 13        		.uleb128 0x13
 1554 00d1 02        		.uleb128 0x2
 1555 00d2 06        		.uleb128 0x6
 1556 00d3 00        		.byte	0x0
 1557 00d4 00        		.byte	0x0
 1558 00d5 12        		.uleb128 0x12
 1559 00d6 34        		.uleb128 0x34
 1560 00d7 00        		.byte	0x0
 1561 00d8 31        		.uleb128 0x31
 1562 00d9 13        		.uleb128 0x13
 1563 00da 00        		.byte	0x0
 1564 00db 00        		.byte	0x0
 1565 00dc 13        		.uleb128 0x13
 1566 00dd 1D        		.uleb128 0x1d
 1567 00de 01        		.byte	0x1
 1568 00df 31        		.uleb128 0x31
 1569 00e0 13        		.uleb128 0x13
 1570 00e1 11        		.uleb128 0x11
 1571 00e2 01        		.uleb128 0x1
 1572 00e3 12        		.uleb128 0x12
 1573 00e4 01        		.uleb128 0x1
 1574 00e5 58        		.uleb128 0x58
 1575 00e6 0B        		.uleb128 0xb
 1576 00e7 59        		.uleb128 0x59
 1577 00e8 0B        		.uleb128 0xb
 1578 00e9 00        		.byte	0x0
 1579 00ea 00        		.byte	0x0
 1580 00eb 14        		.uleb128 0x14
 1581 00ec 05        		.uleb128 0x5
 1582 00ed 00        		.byte	0x0
 1583 00ee 31        		.uleb128 0x31
 1584 00ef 13        		.uleb128 0x13
 1585 00f0 02        		.uleb128 0x2
 1586 00f1 06        		.uleb128 0x6
 1587 00f2 00        		.byte	0x0
 1588 00f3 00        		.byte	0x0
 1589 00f4 15        		.uleb128 0x15
 1590 00f5 05        		.uleb128 0x5
 1591 00f6 00        		.byte	0x0
 1592 00f7 31        		.uleb128 0x31
 1593 00f8 13        		.uleb128 0x13
 1594 00f9 02        		.uleb128 0x2
 1595 00fa 0A        		.uleb128 0xa
 1596 00fb 00        		.byte	0x0
GAS LISTING C:\Users\21030\AppData\Local\Temp/ccWGFPqv.s 			page 29


 1597 00fc 00        		.byte	0x0
 1598 00fd 16        		.uleb128 0x16
 1599 00fe 2E        		.uleb128 0x2e
 1600 00ff 00        		.byte	0x0
 1601 0100 3F        		.uleb128 0x3f
 1602 0101 0C        		.uleb128 0xc
 1603 0102 03        		.uleb128 0x3
 1604 0103 0E        		.uleb128 0xe
 1605 0104 3A        		.uleb128 0x3a
 1606 0105 0B        		.uleb128 0xb
 1607 0106 3B        		.uleb128 0x3b
 1608 0107 0B        		.uleb128 0xb
 1609 0108 27        		.uleb128 0x27
 1610 0109 0C        		.uleb128 0xc
 1611 010a 11        		.uleb128 0x11
 1612 010b 01        		.uleb128 0x1
 1613 010c 12        		.uleb128 0x12
 1614 010d 01        		.uleb128 0x1
 1615 010e 40        		.uleb128 0x40
 1616 010f 0A        		.uleb128 0xa
 1617 0110 00        		.byte	0x0
 1618 0111 00        		.byte	0x0
 1619 0112 17        		.uleb128 0x17
 1620 0113 34        		.uleb128 0x34
 1621 0114 00        		.byte	0x0
 1622 0115 03        		.uleb128 0x3
 1623 0116 0E        		.uleb128 0xe
 1624 0117 3A        		.uleb128 0x3a
 1625 0118 0B        		.uleb128 0xb
 1626 0119 3B        		.uleb128 0x3b
 1627 011a 0B        		.uleb128 0xb
 1628 011b 49        		.uleb128 0x49
 1629 011c 13        		.uleb128 0x13
 1630 011d 02        		.uleb128 0x2
 1631 011e 0A        		.uleb128 0xa
 1632 011f 00        		.byte	0x0
 1633 0120 00        		.byte	0x0
 1634 0121 18        		.uleb128 0x18
 1635 0122 34        		.uleb128 0x34
 1636 0123 00        		.byte	0x0
 1637 0124 03        		.uleb128 0x3
 1638 0125 0E        		.uleb128 0xe
 1639 0126 3A        		.uleb128 0x3a
 1640 0127 0B        		.uleb128 0xb
 1641 0128 3B        		.uleb128 0x3b
 1642 0129 0B        		.uleb128 0xb
 1643 012a 49        		.uleb128 0x49
 1644 012b 13        		.uleb128 0x13
 1645 012c 3F        		.uleb128 0x3f
 1646 012d 0C        		.uleb128 0xc
 1647 012e 02        		.uleb128 0x2
 1648 012f 0A        		.uleb128 0xa
 1649 0130 00        		.byte	0x0
 1650 0131 00        		.byte	0x0
 1651 0132 19        		.uleb128 0x19
 1652 0133 34        		.uleb128 0x34
 1653 0134 00        		.byte	0x0
GAS LISTING C:\Users\21030\AppData\Local\Temp/ccWGFPqv.s 			page 30


 1654 0135 03        		.uleb128 0x3
 1655 0136 0E        		.uleb128 0xe
 1656 0137 3A        		.uleb128 0x3a
 1657 0138 0B        		.uleb128 0xb
 1658 0139 3B        		.uleb128 0x3b
 1659 013a 0B        		.uleb128 0xb
 1660 013b 49        		.uleb128 0x49
 1661 013c 13        		.uleb128 0x13
 1662 013d 3F        		.uleb128 0x3f
 1663 013e 0C        		.uleb128 0xc
 1664 013f 3C        		.uleb128 0x3c
 1665 0140 0C        		.uleb128 0xc
 1666 0141 00        		.byte	0x0
 1667 0142 00        		.byte	0x0
 1668 0143 00        		.byte	0x0
 1669               		.section	.debug_pubnames,"",@progbits
 1670 0000 C800 0000 		.long	0xc8
 1671 0004 0200      		.word	0x2
 1672 0006 0000 0000 		.long	.Ldebug_info0
 1673 000a A003 0000 		.long	0x3a0
 1674 000e 2E01 0000 		.long	0x12e
 1675 0012 6C65 645F 		.string	"led_3lockupdate"
 1675      336C 6F63 
 1675      6B75 7064 
 1675      6174 6500 
 1676 0022 5601 0000 		.long	0x156
 1677 0026 6C65 645F 		.string	"led_check"
 1677      6368 6563 
 1677      6B00 
 1678 0030 5B02 0000 		.long	0x25b
 1679 0034 6C65 645F 		.string	"led_pushed_level_cal"
 1679      7075 7368 
 1679      6564 5F6C 
 1679      6576 656C 
 1679      5F63 616C 
 1680 0049 6F02 0000 		.long	0x26f
 1681 004d 6C65 645F 		.string	"led_mode_change"
 1681      6D6F 6465 
 1681      5F63 6861 
 1681      6E67 6500 
 1682 005d 9702 0000 		.long	0x297
 1683 0061 6C65 645F 		.string	"led_mode_init"
 1683      6D6F 6465 
 1683      5F69 6E69 
 1683      7400 
 1684 006f AB02 0000 		.long	0x2ab
 1685 0073 6C65 645F 		.string	"led_blink"
 1685      626C 696E 
 1685      6B00 
 1686 007d D302 0000 		.long	0x2d3
 1687 0081 6C65 645F 		.string	"led_fader"
 1687      6661 6465 
 1687      7200 
 1688 008b 2B03 0000 		.long	0x32b
 1689 008f 6C65 645F 		.string	"led_mode"
 1689      6D6F 6465 
 1689      00
GAS LISTING C:\Users\21030\AppData\Local\Temp/ccWGFPqv.s 			page 31


 1690 0098 3D03 0000 		.long	0x33d
 1691 009c 4C45 4473 		.string	"LEDstate"
 1691      7461 7465 
 1691      00
 1692 00a5 6903 0000 		.long	0x369
 1693 00a9 7370 6565 		.string	"speed"
 1693      6400 
 1694 00af 7B03 0000 		.long	0x37b
 1695 00b3 6272 6967 		.string	"brigspeed"
 1695      7370 6565 
 1695      6400 
 1696 00bd 8D03 0000 		.long	0x38d
 1697 00c1 7077 6D44 		.string	"pwmDir"
 1697      6972 00
 1698 00c8 0000 0000 		.long	0x0
 1699               		.section	.debug_aranges,"",@progbits
 1700 0000 1C00 0000 		.long	0x1c
 1701 0004 0200      		.word	0x2
 1702 0006 0000 0000 		.long	.Ldebug_info0
 1703 000a 04        		.byte	0x4
 1704 000b 00        		.byte	0x0
 1705 000c 0000      		.word	0x0
 1706 000e 0000      		.word	0x0
 1707 0010 0000 0000 		.long	.Ltext0
 1708 0014 B403 0000 		.long	.Letext0-.Ltext0
 1709 0018 0000 0000 		.long	0x0
 1710 001c 0000 0000 		.long	0x0
 1711               		.section	.debug_line
 1712 0000 3504 0000 		.long	.LELT0-.LSLT0
 1713               	.LSLT0:
 1714 0004 0200      		.word	0x2
 1715 0006 B300 0000 		.long	.LELTP0-.LASLTP0
 1716               	.LASLTP0:
 1717 000a 01        		.byte	0x1
 1718 000b 01        		.byte	0x1
 1719 000c F6        		.byte	0xf6
 1720 000d F5        		.byte	0xf5
 1721 000e 0A        		.byte	0xa
 1722 000f 00        		.byte	0x0
 1723 0010 01        		.byte	0x1
 1724 0011 01        		.byte	0x1
 1725 0012 01        		.byte	0x1
 1726 0013 01        		.byte	0x1
 1727 0014 00        		.byte	0x0
 1728 0015 00        		.byte	0x0
 1729 0016 00        		.byte	0x0
 1730 0017 01        		.byte	0x1
 1731 0018 633A 2F77 		.ascii	"c:/winavr-20100110/lib/gcc/../../avr/include"
 1731      696E 6176 
 1731      722D 3230 
 1731      3130 3031 
 1731      3130 2F6C 
 1732 0044 00        		.byte	0
 1733 0045 633A 2F77 		.ascii	"c:/winavr-20100110/lib/gcc/../../avr/include/util"
 1733      696E 6176 
 1733      722D 3230 
 1733      3130 3031 
GAS LISTING C:\Users\21030\AppData\Local\Temp/ccWGFPqv.s 			page 32


 1733      3130 2F6C 
 1734 0076 00        		.byte	0
 1735 0077 00        		.byte	0x0
 1736 0078 6C65 642E 		.string	"led.c"
 1736      6300 
 1737 007e 00        		.uleb128 0x0
 1738 007f 00        		.uleb128 0x0
 1739 0080 00        		.uleb128 0x0
 1740 0081 7574 696C 		.string	"util/delay_basic.h"
 1740      2F64 656C 
 1740      6179 5F62 
 1740      6173 6963 
 1740      2E68 00
 1741 0094 01        		.uleb128 0x1
 1742 0095 00        		.uleb128 0x0
 1743 0096 00        		.uleb128 0x0
 1744 0097 7574 696C 		.string	"util/delay.h"
 1744      2F64 656C 
 1744      6179 2E68 
 1744      00
 1745 00a4 01        		.uleb128 0x1
 1746 00a5 00        		.uleb128 0x0
 1747 00a6 00        		.uleb128 0x0
 1748 00a7 7374 6469 		.string	"stdint.h"
 1748      6E74 2E68 
 1748      00
 1749 00b0 01        		.uleb128 0x1
 1750 00b1 00        		.uleb128 0x0
 1751 00b2 00        		.uleb128 0x0
 1752 00b3 6C65 642E 		.string	"led.h"
 1752      6800 
 1753 00b9 00        		.uleb128 0x0
 1754 00ba 00        		.uleb128 0x0
 1755 00bb 00        		.uleb128 0x0
 1756 00bc 00        		.byte	0x0
 1757               	.LELTP0:
 1758 00bd 00        		.byte	0x0
 1759 00be 05        		.uleb128 0x5
 1760 00bf 02        		.byte	0x2
 1761 00c0 0000 0000 		.long	.LM1
 1762 00c4 38        		.byte	0x38
 1763 00c5 00        		.byte	0x0
 1764 00c6 05        		.uleb128 0x5
 1765 00c7 02        		.byte	0x2
 1766 00c8 0000 0000 		.long	.LM2
 1767 00cc 15        		.byte	0x15
 1768 00cd 00        		.byte	0x0
 1769 00ce 05        		.uleb128 0x5
 1770 00cf 02        		.byte	0x2
 1771 00d0 0000 0000 		.long	.LM3
 1772 00d4 15        		.byte	0x15
 1773 00d5 00        		.byte	0x0
 1774 00d6 05        		.uleb128 0x5
 1775 00d7 02        		.byte	0x2
 1776 00d8 0000 0000 		.long	.LM4
 1777 00dc 16        		.byte	0x16
 1778 00dd 00        		.byte	0x0
GAS LISTING C:\Users\21030\AppData\Local\Temp/ccWGFPqv.s 			page 33


 1779 00de 05        		.uleb128 0x5
 1780 00df 02        		.byte	0x2
 1781 00e0 0000 0000 		.long	.LM5
 1782 00e4 16        		.byte	0x16
 1783 00e5 00        		.byte	0x0
 1784 00e6 05        		.uleb128 0x5
 1785 00e7 02        		.byte	0x2
 1786 00e8 0000 0000 		.long	.LM6
 1787 00ec 15        		.byte	0x15
 1788 00ed 00        		.byte	0x0
 1789 00ee 05        		.uleb128 0x5
 1790 00ef 02        		.byte	0x2
 1791 00f0 0000 0000 		.long	.LM7
 1792 00f4 15        		.byte	0x15
 1793 00f5 00        		.byte	0x0
 1794 00f6 05        		.uleb128 0x5
 1795 00f7 02        		.byte	0x2
 1796 00f8 0000 0000 		.long	.LM8
 1797 00fc 15        		.byte	0x15
 1798 00fd 00        		.byte	0x0
 1799 00fe 05        		.uleb128 0x5
 1800 00ff 02        		.byte	0x2
 1801 0100 0000 0000 		.long	.LM9
 1802 0104 16        		.byte	0x16
 1803 0105 00        		.byte	0x0
 1804 0106 05        		.uleb128 0x5
 1805 0107 02        		.byte	0x2
 1806 0108 0000 0000 		.long	.LM10
 1807 010c 15        		.byte	0x15
 1808 010d 00        		.byte	0x0
 1809 010e 05        		.uleb128 0x5
 1810 010f 02        		.byte	0x2
 1811 0110 0000 0000 		.long	.LM11
 1812 0114 15        		.byte	0x15
 1813 0115 00        		.byte	0x0
 1814 0116 05        		.uleb128 0x5
 1815 0117 02        		.byte	0x2
 1816 0118 0000 0000 		.long	.LM12
 1817 011c 16        		.byte	0x16
 1818 011d 00        		.byte	0x0
 1819 011e 05        		.uleb128 0x5
 1820 011f 02        		.byte	0x2
 1821 0120 0000 0000 		.long	.LM13
 1822 0124 15        		.byte	0x15
 1823 0125 00        		.byte	0x0
 1824 0126 05        		.uleb128 0x5
 1825 0127 02        		.byte	0x2
 1826 0128 0000 0000 		.long	.LM14
 1827 012c 16        		.byte	0x16
 1828 012d 00        		.byte	0x0
 1829 012e 05        		.uleb128 0x5
 1830 012f 02        		.byte	0x2
 1831 0130 0000 0000 		.long	.LM15
 1832 0134 9A        		.byte	0x9a
 1833 0135 00        		.byte	0x0
 1834 0136 05        		.uleb128 0x5
 1835 0137 02        		.byte	0x2
GAS LISTING C:\Users\21030\AppData\Local\Temp/ccWGFPqv.s 			page 34


 1836 0138 0000 0000 		.long	.LM16
 1837 013c 15        		.byte	0x15
 1838 013d 00        		.byte	0x0
 1839 013e 05        		.uleb128 0x5
 1840 013f 02        		.byte	0x2
 1841 0140 0000 0000 		.long	.LM17
 1842 0144 15        		.byte	0x15
 1843 0145 00        		.byte	0x0
 1844 0146 05        		.uleb128 0x5
 1845 0147 02        		.byte	0x2
 1846 0148 0000 0000 		.long	.LM18
 1847 014c 15        		.byte	0x15
 1848 014d 00        		.byte	0x0
 1849 014e 05        		.uleb128 0x5
 1850 014f 02        		.byte	0x2
 1851 0150 0000 0000 		.long	.LM19
 1852 0154 16        		.byte	0x16
 1853 0155 00        		.byte	0x0
 1854 0156 05        		.uleb128 0x5
 1855 0157 02        		.byte	0x2
 1856 0158 0000 0000 		.long	.LM20
 1857 015c 04        		.byte	0x4
 1858 015d 02        		.uleb128 0x2
 1859 015e 03        		.byte	0x3
 1860 015f A77F      		.sleb128 -89
 1861 0161 01        		.byte	0x1
 1862 0162 00        		.byte	0x0
 1863 0163 05        		.uleb128 0x5
 1864 0164 02        		.byte	0x2
 1865 0165 0000 0000 		.long	.LM21
 1866 0169 04        		.byte	0x4
 1867 016a 03        		.uleb128 0x3
 1868 016b 27        		.byte	0x27
 1869 016c 00        		.byte	0x0
 1870 016d 05        		.uleb128 0x5
 1871 016e 02        		.byte	0x2
 1872 016f 0000 0000 		.long	.LM22
 1873 0173 10        		.byte	0x10
 1874 0174 00        		.byte	0x0
 1875 0175 05        		.uleb128 0x5
 1876 0176 02        		.byte	0x2
 1877 0177 0000 0000 		.long	.LM23
 1878 017b 04        		.byte	0x4
 1879 017c 01        		.uleb128 0x1
 1880 017d 61        		.byte	0x61
 1881 017e 00        		.byte	0x0
 1882 017f 05        		.uleb128 0x5
 1883 0180 02        		.byte	0x2
 1884 0181 0000 0000 		.long	.LM24
 1885 0185 15        		.byte	0x15
 1886 0186 00        		.byte	0x0
 1887 0187 05        		.uleb128 0x5
 1888 0188 02        		.byte	0x2
 1889 0189 0000 0000 		.long	.LM25
 1890 018d 04        		.byte	0x4
 1891 018e 02        		.uleb128 0x2
 1892 018f 03        		.byte	0x3
GAS LISTING C:\Users\21030\AppData\Local\Temp/ccWGFPqv.s 			page 35


 1893 0190 A37F      		.sleb128 -93
 1894 0192 01        		.byte	0x1
 1895 0193 00        		.byte	0x0
 1896 0194 05        		.uleb128 0x5
 1897 0195 02        		.byte	0x2
 1898 0196 0000 0000 		.long	.LM26
 1899 019a 04        		.byte	0x4
 1900 019b 03        		.uleb128 0x3
 1901 019c 27        		.byte	0x27
 1902 019d 00        		.byte	0x0
 1903 019e 05        		.uleb128 0x5
 1904 019f 02        		.byte	0x2
 1905 01a0 0000 0000 		.long	.LM27
 1906 01a4 10        		.byte	0x10
 1907 01a5 00        		.byte	0x0
 1908 01a6 05        		.uleb128 0x5
 1909 01a7 02        		.byte	0x2
 1910 01a8 0000 0000 		.long	.LM28
 1911 01ac 04        		.byte	0x4
 1912 01ad 01        		.uleb128 0x1
 1913 01ae 65        		.byte	0x65
 1914 01af 00        		.byte	0x0
 1915 01b0 05        		.uleb128 0x5
 1916 01b1 02        		.byte	0x2
 1917 01b2 0000 0000 		.long	.LM29
 1918 01b6 15        		.byte	0x15
 1919 01b7 00        		.byte	0x0
 1920 01b8 05        		.uleb128 0x5
 1921 01b9 02        		.byte	0x2
 1922 01ba 0000 0000 		.long	.LM30
 1923 01be 15        		.byte	0x15
 1924 01bf 00        		.byte	0x0
 1925 01c0 05        		.uleb128 0x5
 1926 01c1 02        		.byte	0x2
 1927 01c2 0000 0000 		.long	.LM31
 1928 01c6 16        		.byte	0x16
 1929 01c7 00        		.byte	0x0
 1930 01c8 05        		.uleb128 0x5
 1931 01c9 02        		.byte	0x2
 1932 01ca 0000 0000 		.long	.LM32
 1933 01ce 04        		.byte	0x4
 1934 01cf 02        		.uleb128 0x2
 1935 01d0 03        		.byte	0x3
 1936 01d1 9C7F      		.sleb128 -100
 1937 01d3 01        		.byte	0x1
 1938 01d4 00        		.byte	0x0
 1939 01d5 05        		.uleb128 0x5
 1940 01d6 02        		.byte	0x2
 1941 01d7 0000 0000 		.long	.LM33
 1942 01db 04        		.byte	0x4
 1943 01dc 03        		.uleb128 0x3
 1944 01dd 27        		.byte	0x27
 1945 01de 00        		.byte	0x0
 1946 01df 05        		.uleb128 0x5
 1947 01e0 02        		.byte	0x2
 1948 01e1 0000 0000 		.long	.LM34
 1949 01e5 10        		.byte	0x10
GAS LISTING C:\Users\21030\AppData\Local\Temp/ccWGFPqv.s 			page 36


 1950 01e6 00        		.byte	0x0
 1951 01e7 05        		.uleb128 0x5
 1952 01e8 02        		.byte	0x2
 1953 01e9 0000 0000 		.long	.LM35
 1954 01ed 04        		.byte	0x4
 1955 01ee 01        		.uleb128 0x1
 1956 01ef 6C        		.byte	0x6c
 1957 01f0 00        		.byte	0x0
 1958 01f1 05        		.uleb128 0x5
 1959 01f2 02        		.byte	0x2
 1960 01f3 0000 0000 		.long	.LM36
 1961 01f7 15        		.byte	0x15
 1962 01f8 00        		.byte	0x0
 1963 01f9 05        		.uleb128 0x5
 1964 01fa 02        		.byte	0x2
 1965 01fb 0000 0000 		.long	.LM37
 1966 01ff 35        		.byte	0x35
 1967 0200 00        		.byte	0x0
 1968 0201 05        		.uleb128 0x5
 1969 0202 02        		.byte	0x2
 1970 0203 0000 0000 		.long	.LM38
 1971 0207 16        		.byte	0x16
 1972 0208 00        		.byte	0x0
 1973 0209 05        		.uleb128 0x5
 1974 020a 02        		.byte	0x2
 1975 020b 0000 0000 		.long	.LM39
 1976 020f 16        		.byte	0x16
 1977 0210 00        		.byte	0x0
 1978 0211 05        		.uleb128 0x5
 1979 0212 02        		.byte	0x2
 1980 0213 0000 0000 		.long	.LM40
 1981 0217 15        		.byte	0x15
 1982 0218 00        		.byte	0x0
 1983 0219 05        		.uleb128 0x5
 1984 021a 02        		.byte	0x2
 1985 021b 0000 0000 		.long	.LM41
 1986 021f 15        		.byte	0x15
 1987 0220 00        		.byte	0x0
 1988 0221 05        		.uleb128 0x5
 1989 0222 02        		.byte	0x2
 1990 0223 0000 0000 		.long	.LM42
 1991 0227 03        		.byte	0x3
 1992 0228 62        		.sleb128 -30
 1993 0229 01        		.byte	0x1
 1994 022a 00        		.byte	0x0
 1995 022b 05        		.uleb128 0x5
 1996 022c 02        		.byte	0x2
 1997 022d 0000 0000 		.long	.LM43
 1998 0231 15        		.byte	0x15
 1999 0232 00        		.byte	0x0
 2000 0233 05        		.uleb128 0x5
 2001 0234 02        		.byte	0x2
 2002 0235 0000 0000 		.long	.LM44
 2003 0239 1B        		.byte	0x1b
 2004 023a 00        		.byte	0x0
 2005 023b 05        		.uleb128 0x5
 2006 023c 02        		.byte	0x2
GAS LISTING C:\Users\21030\AppData\Local\Temp/ccWGFPqv.s 			page 37


 2007 023d 0000 0000 		.long	.LM45
 2008 0241 1A        		.byte	0x1a
 2009 0242 00        		.byte	0x0
 2010 0243 05        		.uleb128 0x5
 2011 0244 02        		.byte	0x2
 2012 0245 0000 0000 		.long	.LM46
 2013 0249 15        		.byte	0x15
 2014 024a 00        		.byte	0x0
 2015 024b 05        		.uleb128 0x5
 2016 024c 02        		.byte	0x2
 2017 024d 0000 0000 		.long	.LM47
 2018 0251 15        		.byte	0x15
 2019 0252 00        		.byte	0x0
 2020 0253 05        		.uleb128 0x5
 2021 0254 02        		.byte	0x2
 2022 0255 0000 0000 		.long	.LM48
 2023 0259 17        		.byte	0x17
 2024 025a 00        		.byte	0x0
 2025 025b 05        		.uleb128 0x5
 2026 025c 02        		.byte	0x2
 2027 025d 0000 0000 		.long	.LM49
 2028 0261 15        		.byte	0x15
 2029 0262 00        		.byte	0x0
 2030 0263 05        		.uleb128 0x5
 2031 0264 02        		.byte	0x2
 2032 0265 0000 0000 		.long	.LM50
 2033 0269 03        		.byte	0x3
 2034 026a 66        		.sleb128 -26
 2035 026b 01        		.byte	0x1
 2036 026c 00        		.byte	0x0
 2037 026d 05        		.uleb128 0x5
 2038 026e 02        		.byte	0x2
 2039 026f 0000 0000 		.long	.LM51
 2040 0273 15        		.byte	0x15
 2041 0274 00        		.byte	0x0
 2042 0275 05        		.uleb128 0x5
 2043 0276 02        		.byte	0x2
 2044 0277 0000 0000 		.long	.LM52
 2045 027b 15        		.byte	0x15
 2046 027c 00        		.byte	0x0
 2047 027d 05        		.uleb128 0x5
 2048 027e 02        		.byte	0x2
 2049 027f 0000 0000 		.long	.LM53
 2050 0283 15        		.byte	0x15
 2051 0284 00        		.byte	0x0
 2052 0285 05        		.uleb128 0x5
 2053 0286 02        		.byte	0x2
 2054 0287 0000 0000 		.long	.LM54
 2055 028b 03        		.byte	0x3
 2056 028c E67E      		.sleb128 -154
 2057 028e 01        		.byte	0x1
 2058 028f 00        		.byte	0x0
 2059 0290 05        		.uleb128 0x5
 2060 0291 02        		.byte	0x2
 2061 0292 0000 0000 		.long	.LM55
 2062 0296 15        		.byte	0x15
 2063 0297 00        		.byte	0x0
GAS LISTING C:\Users\21030\AppData\Local\Temp/ccWGFPqv.s 			page 38


 2064 0298 05        		.uleb128 0x5
 2065 0299 02        		.byte	0x2
 2066 029a 0000 0000 		.long	.LM56
 2067 029e 16        		.byte	0x16
 2068 029f 00        		.byte	0x0
 2069 02a0 05        		.uleb128 0x5
 2070 02a1 02        		.byte	0x2
 2071 02a2 0000 0000 		.long	.LM57
 2072 02a6 1A        		.byte	0x1a
 2073 02a7 00        		.byte	0x0
 2074 02a8 05        		.uleb128 0x5
 2075 02a9 02        		.byte	0x2
 2076 02aa 0000 0000 		.long	.LM58
 2077 02ae 17        		.byte	0x17
 2078 02af 00        		.byte	0x0
 2079 02b0 05        		.uleb128 0x5
 2080 02b1 02        		.byte	0x2
 2081 02b2 0000 0000 		.long	.LM59
 2082 02b6 15        		.byte	0x15
 2083 02b7 00        		.byte	0x0
 2084 02b8 05        		.uleb128 0x5
 2085 02b9 02        		.byte	0x2
 2086 02ba 0000 0000 		.long	.LM60
 2087 02be 15        		.byte	0x15
 2088 02bf 00        		.byte	0x0
 2089 02c0 05        		.uleb128 0x5
 2090 02c1 02        		.byte	0x2
 2091 02c2 0000 0000 		.long	.LM61
 2092 02c6 17        		.byte	0x17
 2093 02c7 00        		.byte	0x0
 2094 02c8 05        		.uleb128 0x5
 2095 02c9 02        		.byte	0x2
 2096 02ca 0000 0000 		.long	.LM62
 2097 02ce 15        		.byte	0x15
 2098 02cf 00        		.byte	0x0
 2099 02d0 05        		.uleb128 0x5
 2100 02d1 02        		.byte	0x2
 2101 02d2 0000 0000 		.long	.LM63
 2102 02d6 16        		.byte	0x16
 2103 02d7 00        		.byte	0x0
 2104 02d8 05        		.uleb128 0x5
 2105 02d9 02        		.byte	0x2
 2106 02da 0000 0000 		.long	.LM64
 2107 02de 15        		.byte	0x15
 2108 02df 00        		.byte	0x0
 2109 02e0 05        		.uleb128 0x5
 2110 02e1 02        		.byte	0x2
 2111 02e2 0000 0000 		.long	.LM65
 2112 02e6 15        		.byte	0x15
 2113 02e7 00        		.byte	0x0
 2114 02e8 05        		.uleb128 0x5
 2115 02e9 02        		.byte	0x2
 2116 02ea 0000 0000 		.long	.LM66
 2117 02ee 17        		.byte	0x17
 2118 02ef 00        		.byte	0x0
 2119 02f0 05        		.uleb128 0x5
 2120 02f1 02        		.byte	0x2
GAS LISTING C:\Users\21030\AppData\Local\Temp/ccWGFPqv.s 			page 39


 2121 02f2 0000 0000 		.long	.LM67
 2122 02f6 19        		.byte	0x19
 2123 02f7 00        		.byte	0x0
 2124 02f8 05        		.uleb128 0x5
 2125 02f9 02        		.byte	0x2
 2126 02fa 0000 0000 		.long	.LM68
 2127 02fe 17        		.byte	0x17
 2128 02ff 00        		.byte	0x0
 2129 0300 05        		.uleb128 0x5
 2130 0301 02        		.byte	0x2
 2131 0302 0000 0000 		.long	.LM69
 2132 0306 17        		.byte	0x17
 2133 0307 00        		.byte	0x0
 2134 0308 05        		.uleb128 0x5
 2135 0309 02        		.byte	0x2
 2136 030a 0000 0000 		.long	.LM70
 2137 030e 1B        		.byte	0x1b
 2138 030f 00        		.byte	0x0
 2139 0310 05        		.uleb128 0x5
 2140 0311 02        		.byte	0x2
 2141 0312 0000 0000 		.long	.LM71
 2142 0316 15        		.byte	0x15
 2143 0317 00        		.byte	0x0
 2144 0318 05        		.uleb128 0x5
 2145 0319 02        		.byte	0x2
 2146 031a 0000 0000 		.long	.LM72
 2147 031e 16        		.byte	0x16
 2148 031f 00        		.byte	0x0
 2149 0320 05        		.uleb128 0x5
 2150 0321 02        		.byte	0x2
 2151 0322 0000 0000 		.long	.LM73
 2152 0326 16        		.byte	0x16
 2153 0327 00        		.byte	0x0
 2154 0328 05        		.uleb128 0x5
 2155 0329 02        		.byte	0x2
 2156 032a 0000 0000 		.long	.LM74
 2157 032e 15        		.byte	0x15
 2158 032f 00        		.byte	0x0
 2159 0330 05        		.uleb128 0x5
 2160 0331 02        		.byte	0x2
 2161 0332 0000 0000 		.long	.LM75
 2162 0336 15        		.byte	0x15
 2163 0337 00        		.byte	0x0
 2164 0338 05        		.uleb128 0x5
 2165 0339 02        		.byte	0x2
 2166 033a 0000 0000 		.long	.LM76
 2167 033e 17        		.byte	0x17
 2168 033f 00        		.byte	0x0
 2169 0340 05        		.uleb128 0x5
 2170 0341 02        		.byte	0x2
 2171 0342 0000 0000 		.long	.LM77
 2172 0346 16        		.byte	0x16
 2173 0347 00        		.byte	0x0
 2174 0348 05        		.uleb128 0x5
 2175 0349 02        		.byte	0x2
 2176 034a 0000 0000 		.long	.LM78
 2177 034e 15        		.byte	0x15
GAS LISTING C:\Users\21030\AppData\Local\Temp/ccWGFPqv.s 			page 40


 2178 034f 00        		.byte	0x0
 2179 0350 05        		.uleb128 0x5
 2180 0351 02        		.byte	0x2
 2181 0352 0000 0000 		.long	.LM79
 2182 0356 15        		.byte	0x15
 2183 0357 00        		.byte	0x0
 2184 0358 05        		.uleb128 0x5
 2185 0359 02        		.byte	0x2
 2186 035a 0000 0000 		.long	.LM80
 2187 035e 17        		.byte	0x17
 2188 035f 00        		.byte	0x0
 2189 0360 05        		.uleb128 0x5
 2190 0361 02        		.byte	0x2
 2191 0362 0000 0000 		.long	.LM81
 2192 0366 16        		.byte	0x16
 2193 0367 00        		.byte	0x0
 2194 0368 05        		.uleb128 0x5
 2195 0369 02        		.byte	0x2
 2196 036a 0000 0000 		.long	.LM82
 2197 036e 16        		.byte	0x16
 2198 036f 00        		.byte	0x0
 2199 0370 05        		.uleb128 0x5
 2200 0371 02        		.byte	0x2
 2201 0372 0000 0000 		.long	.LM83
 2202 0376 15        		.byte	0x15
 2203 0377 00        		.byte	0x0
 2204 0378 05        		.uleb128 0x5
 2205 0379 02        		.byte	0x2
 2206 037a 0000 0000 		.long	.LM84
 2207 037e 16        		.byte	0x16
 2208 037f 00        		.byte	0x0
 2209 0380 05        		.uleb128 0x5
 2210 0381 02        		.byte	0x2
 2211 0382 0000 0000 		.long	.LM85
 2212 0386 16        		.byte	0x16
 2213 0387 00        		.byte	0x0
 2214 0388 05        		.uleb128 0x5
 2215 0389 02        		.byte	0x2
 2216 038a 0000 0000 		.long	.LM86
 2217 038e 16        		.byte	0x16
 2218 038f 00        		.byte	0x0
 2219 0390 05        		.uleb128 0x5
 2220 0391 02        		.byte	0x2
 2221 0392 0000 0000 		.long	.LM87
 2222 0396 15        		.byte	0x15
 2223 0397 00        		.byte	0x0
 2224 0398 05        		.uleb128 0x5
 2225 0399 02        		.byte	0x2
 2226 039a 0000 0000 		.long	.LM88
 2227 039e 1A        		.byte	0x1a
 2228 039f 00        		.byte	0x0
 2229 03a0 05        		.uleb128 0x5
 2230 03a1 02        		.byte	0x2
 2231 03a2 0000 0000 		.long	.LM89
 2232 03a6 18        		.byte	0x18
 2233 03a7 00        		.byte	0x0
 2234 03a8 05        		.uleb128 0x5
GAS LISTING C:\Users\21030\AppData\Local\Temp/ccWGFPqv.s 			page 41


 2235 03a9 02        		.byte	0x2
 2236 03aa 0000 0000 		.long	.LM90
 2237 03ae 1E        		.byte	0x1e
 2238 03af 00        		.byte	0x0
 2239 03b0 05        		.uleb128 0x5
 2240 03b1 02        		.byte	0x2
 2241 03b2 0000 0000 		.long	.LM91
 2242 03b6 18        		.byte	0x18
 2243 03b7 00        		.byte	0x0
 2244 03b8 05        		.uleb128 0x5
 2245 03b9 02        		.byte	0x2
 2246 03ba 0000 0000 		.long	.LM92
 2247 03be 15        		.byte	0x15
 2248 03bf 00        		.byte	0x0
 2249 03c0 05        		.uleb128 0x5
 2250 03c1 02        		.byte	0x2
 2251 03c2 0000 0000 		.long	.LM93
 2252 03c6 17        		.byte	0x17
 2253 03c7 00        		.byte	0x0
 2254 03c8 05        		.uleb128 0x5
 2255 03c9 02        		.byte	0x2
 2256 03ca 0000 0000 		.long	.LM94
 2257 03ce 15        		.byte	0x15
 2258 03cf 00        		.byte	0x0
 2259 03d0 05        		.uleb128 0x5
 2260 03d1 02        		.byte	0x2
 2261 03d2 0000 0000 		.long	.LM95
 2262 03d6 15        		.byte	0x15
 2263 03d7 00        		.byte	0x0
 2264 03d8 05        		.uleb128 0x5
 2265 03d9 02        		.byte	0x2
 2266 03da 0000 0000 		.long	.LM96
 2267 03de 15        		.byte	0x15
 2268 03df 00        		.byte	0x0
 2269 03e0 05        		.uleb128 0x5
 2270 03e1 02        		.byte	0x2
 2271 03e2 0000 0000 		.long	.LM97
 2272 03e6 15        		.byte	0x15
 2273 03e7 00        		.byte	0x0
 2274 03e8 05        		.uleb128 0x5
 2275 03e9 02        		.byte	0x2
 2276 03ea 0000 0000 		.long	.LM98
 2277 03ee 15        		.byte	0x15
 2278 03ef 00        		.byte	0x0
 2279 03f0 05        		.uleb128 0x5
 2280 03f1 02        		.byte	0x2
 2281 03f2 0000 0000 		.long	.LM99
 2282 03f6 1B        		.byte	0x1b
 2283 03f7 00        		.byte	0x0
 2284 03f8 05        		.uleb128 0x5
 2285 03f9 02        		.byte	0x2
 2286 03fa 0000 0000 		.long	.LM100
 2287 03fe 15        		.byte	0x15
 2288 03ff 00        		.byte	0x0
 2289 0400 05        		.uleb128 0x5
 2290 0401 02        		.byte	0x2
 2291 0402 0000 0000 		.long	.LM101
GAS LISTING C:\Users\21030\AppData\Local\Temp/ccWGFPqv.s 			page 42


 2292 0406 17        		.byte	0x17
 2293 0407 00        		.byte	0x0
 2294 0408 05        		.uleb128 0x5
 2295 0409 02        		.byte	0x2
 2296 040a 0000 0000 		.long	.LM102
 2297 040e 18        		.byte	0x18
 2298 040f 00        		.byte	0x0
 2299 0410 05        		.uleb128 0x5
 2300 0411 02        		.byte	0x2
 2301 0412 0000 0000 		.long	.LM103
 2302 0416 15        		.byte	0x15
 2303 0417 00        		.byte	0x0
 2304 0418 05        		.uleb128 0x5
 2305 0419 02        		.byte	0x2
 2306 041a 0000 0000 		.long	.LM104
 2307 041e 15        		.byte	0x15
 2308 041f 00        		.byte	0x0
 2309 0420 05        		.uleb128 0x5
 2310 0421 02        		.byte	0x2
 2311 0422 0000 0000 		.long	.LM105
 2312 0426 15        		.byte	0x15
 2313 0427 00        		.byte	0x0
 2314 0428 05        		.uleb128 0x5
 2315 0429 02        		.byte	0x2
 2316 042a 0000 0000 		.long	.LM106
 2317 042e 16        		.byte	0x16
 2318 042f 00        		.byte	0x0
 2319 0430 05        		.uleb128 0x5
 2320 0431 02        		.byte	0x2
 2321 0432 0000 0000 		.long	.Letext0
 2322 0436 00        		.byte	0x0
 2323 0437 01        		.uleb128 0x1
 2324 0438 01        		.byte	0x1
 2325               	.LELT0:
 2326 0439 1600 0000 		.section	.debug_str,"MS",@progbits,1
 2326      0200 1000 
 2326      0000 0101 
 2326      FB0E 0A00 
 2326      0101 0101 
 2327               	.LASF32:
 2328 0000 666F 7277 		.string	"forward"
 2328      6172 6400 
 2329               	.LASF50:
 2330 0008 474E 5520 		.string	"GNU C 4.3.3"
 2330      4320 342E 
 2330      332E 3300 
 2331               	.LASF39:
 2332 0014 6C65 645F 		.string	"led_fader"
 2332      6661 6465 
 2332      7200 
 2333               	.LASF21:
 2334 001e 7368 6F72 		.string	"short int"
 2334      7420 696E 
 2334      7400 
 2335               	.LASF27:
 2336 0028 5F5F 746D 		.string	"__tmp"
 2336      7000 
GAS LISTING C:\Users\21030\AppData\Local\Temp/ccWGFPqv.s 			page 43


 2337               	.LASF48:
 2338 002e 6272 6967 		.string	"brigspeed"
 2338      7370 6565 
 2338      6400 
 2339               	.LASF42:
 2340 0038 646F 776E 		.string	"downLevelLife"
 2340      4C65 7665 
 2340      6C4C 6966 
 2340      6500 
 2341               	.LASF49:
 2342 0046 7077 6D44 		.string	"pwmDir"
 2342      6972 00
 2343               	.LASF30:
 2344 004d 6C65 645F 		.string	"led_check"
 2344      6368 6563 
 2344      6B00 
 2345               	.LASF34:
 2346 0057 6D6F 6465 		.string	"mode"
 2346      00
 2347               	.LASF35:
 2348 005c 6C65 645F 		.string	"led_pushed_level_cal"
 2348      7075 7368 
 2348      6564 5F6C 
 2348      6576 656C 
 2348      5F63 616C 
 2349               	.LASF24:
 2350 0071 5F5F 636F 		.string	"__count"
 2350      756E 7400 
 2351               	.LASF15:
 2352 0079 4C45 445F 		.string	"LED_PUSH_OFF"
 2352      5055 5348 
 2352      5F4F 4646 
 2352      00
 2353               	.LASF51:
 2354 0086 6C65 642E 		.string	"led.c"
 2354      6300 
 2355               	.LASF13:
 2356 008c 4C45 445F 		.string	"LED_PUSHED_LEVEL"
 2356      5055 5348 
 2356      4544 5F4C 
 2356      4556 454C 
 2356      00
 2357               	.LASF22:
 2358 009d 5F64 656C 		.string	"_delay_loop_2"
 2358      6179 5F6C 
 2358      6F6F 705F 
 2358      3200 
 2359               	.LASF52:
 2360 00ab 433A 5C55 		.string	"C:\\Users\\21030\\Documents\\GitHub\\mx1830\\source"
 2360      7365 7273 
 2360      5C32 3130 
 2360      3330 5C44 
 2360      6F63 756D 
 2361               	.LASF41:
 2362 00d9 646F 776E 		.string	"downLevel"
 2362      4C65 7665 
 2362      6C00 
GAS LISTING C:\Users\21030\AppData\Local\Temp/ccWGFPqv.s 			page 44


 2363               	.LASF46:
 2364 00e3 6B62 6473 		.string	"kbdsleepmode"
 2364      6C65 6570 
 2364      6D6F 6465 
 2364      00
 2365               	.LASF17:
 2366 00f0 4C45 445F 		.string	"LED_FULLCAPS"
 2366      4655 4C4C 
 2366      4341 5053 
 2366      00
 2367               	.LASF37:
 2368 00fd 6C65 645F 		.string	"led_blink"
 2368      626C 696E 
 2368      6B00 
 2369               	.LASF19:
 2370 0107 4C45 445F 		.string	"LED_MODE"
 2370      4D4F 4445 
 2370      00
 2371               	.LASF8:
 2372 0110 6C6F 6E67 		.string	"long long int"
 2372      206C 6F6E 
 2372      6720 696E 
 2372      7400 
 2373               	.LASF12:
 2374 011e 4C45 445F 		.string	"LED_FADING_PUSH_ON"
 2374      4641 4449 
 2374      4E47 5F50 
 2374      5553 485F 
 2374      4F4E 00
 2375               	.LASF6:
 2376 0131 6C6F 6E67 		.string	"long int"
 2376      2069 6E74 
 2376      00
 2377               	.LASF23:
 2378 013a 5F64 656C 		.string	"_delay_ms"
 2378      6179 5F6D 
 2378      7300 
 2379               	.LASF31:
 2380 0144 4C45 4473 		.string	"LEDstate"
 2380      7461 7465 
 2380      00
 2381               	.LASF40:
 2382 014d 646F 776E 		.string	"downLevelStay"
 2382      4C65 7665 
 2382      6C53 7461 
 2382      7900 
 2383               	.LASF1:
 2384 015b 756E 7369 		.string	"unsigned char"
 2384      676E 6564 
 2384      2063 6861 
 2384      7200 
 2385               	.LASF0:
 2386 0169 7369 676E 		.string	"signed char"
 2386      6564 2063 
 2386      6861 7200 
 2387               	.LASF9:
 2388 0175 6C6F 6E67 		.string	"long long unsigned int"
GAS LISTING C:\Users\21030\AppData\Local\Temp/ccWGFPqv.s 			page 45


 2388      206C 6F6E 
 2388      6720 756E 
 2388      7369 676E 
 2388      6564 2069 
 2389               	.LASF33:
 2390 018c 6C65 645F 		.string	"led_mode_change"
 2390      6D6F 6465 
 2390      5F63 6861 
 2390      6E67 6500 
 2391               	.LASF5:
 2392 019c 756E 7369 		.string	"unsigned int"
 2392      676E 6564 
 2392      2069 6E74 
 2392      00
 2393               	.LASF4:
 2394 01a9 7569 6E74 		.string	"uint16_t"
 2394      3136 5F74 
 2394      00
 2395               	.LASF18:
 2396 01b2 4C45 445F 		.string	"LED_OFF"
 2396      4F46 4600 
 2397               	.LASF47:
 2398 01ba 7370 6565 		.string	"speed"
 2398      6400 
 2399               	.LASF43:
 2400 01c0 7077 6D43 		.string	"pwmCounter"
 2400      6F75 6E74 
 2400      6572 00
 2401               	.LASF29:
 2402 01cb 6C65 645F 		.string	"led_3lockupdate"
 2402      336C 6F63 
 2402      6B75 7064 
 2402      6174 6500 
 2403               	.LASF20:
 2404 01db 7368 6F72 		.string	"short unsigned int"
 2404      7420 756E 
 2404      7369 676E 
 2404      6564 2069 
 2404      6E74 00
 2405               	.LASF14:
 2406 01ee 4C45 445F 		.string	"LED_PUSH_ON"
 2406      5055 5348 
 2406      5F4F 4E00 
 2407               	.LASF10:
 2408 01fa 6368 6172 		.string	"char"
 2408      00
 2409               	.LASF45:
 2410 01ff 7363 616E 		.string	"scankeycntms"
 2410      6B65 7963 
 2410      6E74 6D73 
 2410      00
 2411               	.LASF3:
 2412 020c 696E 7431 		.string	"int16_t"
 2412      365F 7400 
 2413               	.LASF44:
 2414 0214 6C65 645F 		.string	"led_mode"
 2414      6D6F 6465 
GAS LISTING C:\Users\21030\AppData\Local\Temp/ccWGFPqv.s 			page 46


 2414      00
 2415               	.LASF11:
 2416 021d 4C45 445F 		.string	"LED_FADING"
 2416      4641 4449 
 2416      4E47 00
 2417               	.LASF7:
 2418 0228 6C6F 6E67 		.string	"long unsigned int"
 2418      2075 6E73 
 2418      6967 6E65 
 2418      6420 696E 
 2418      7400 
 2419               	.LASF28:
 2420 023a 646F 7562 		.string	"double"
 2420      6C65 00
 2421               	.LASF36:
 2422 0241 6C65 645F 		.string	"led_mode_init"
 2422      6D6F 6465 
 2422      5F69 6E69 
 2422      7400 
 2423               	.LASF2:
 2424 024f 7569 6E74 		.string	"uint8_t"
 2424      385F 7400 
 2425               	.LASF25:
 2426 0257 5F5F 6D73 		.string	"__ms"
 2426      00
 2427               	.LASF26:
 2428 025c 5F5F 7469 		.string	"__ticks"
 2428      636B 7300 
 2429               	.LASF38:
 2430 0264 6D61 7472 		.string	"matrixState"
 2430      6978 5374 
 2430      6174 6500 
 2431               	.LASF16:
 2432 0270 4C45 445F 		.string	"LED_ALWASY"
 2432      414C 5741 
 2432      5359 00
 2433               	.global __do_copy_data
 2434               	.global __do_clear_bss
GAS LISTING C:\Users\21030\AppData\Local\Temp/ccWGFPqv.s 			page 47


DEFINED SYMBOLS
                            *ABS*:00000000 led.c
C:\Users\21030\AppData\Local\Temp/ccWGFPqv.s:2      *ABS*:0000003f __SREG__
C:\Users\21030\AppData\Local\Temp/ccWGFPqv.s:3      *ABS*:0000003e __SP_H__
C:\Users\21030\AppData\Local\Temp/ccWGFPqv.s:4      *ABS*:0000003d __SP_L__
C:\Users\21030\AppData\Local\Temp/ccWGFPqv.s:5      *ABS*:00000034 __CCP__
C:\Users\21030\AppData\Local\Temp/ccWGFPqv.s:6      *ABS*:00000000 __tmp_reg__
C:\Users\21030\AppData\Local\Temp/ccWGFPqv.s:7      *ABS*:00000001 __zero_reg__
C:\Users\21030\AppData\Local\Temp/ccWGFPqv.s:18     .text:00000000 led_3lockupdate
C:\Users\21030\AppData\Local\Temp/ccWGFPqv.s:654    .bss:00000000 led_mode
C:\Users\21030\AppData\Local\Temp/ccWGFPqv.s:73     .text:00000038 led_check
C:\Users\21030\AppData\Local\Temp/ccWGFPqv.s:210    .text:000000a0 led_pushed_level_cal
                             .bss:00000004 downLevel
C:\Users\21030\AppData\Local\Temp/ccWGFPqv.s:674    .bss:00000005 downLevelStay
C:\Users\21030\AppData\Local\Temp/ccWGFPqv.s:675    .bss:00000007 downLevelLife
C:\Users\21030\AppData\Local\Temp/ccWGFPqv.s:243    .text:000000d2 led_mode_change
C:\Users\21030\AppData\Local\Temp/ccWGFPqv.s:292    .text:0000010a led_mode_init
C:\Users\21030\AppData\Local\Temp/ccWGFPqv.s:313    .text:00000122 led_blink
                            *COM*:00000001 LEDstate
C:\Users\21030\AppData\Local\Temp/ccWGFPqv.s:399    .text:0000019c led_fader
C:\Users\21030\AppData\Local\Temp/ccWGFPqv.s:672    .bss:00000002 pwmDir
C:\Users\21030\AppData\Local\Temp/ccWGFPqv.s:665    .data:00000002 brigspeed
C:\Users\21030\AppData\Local\Temp/ccWGFPqv.s:680    .data:00000004 pwmCounter
C:\Users\21030\AppData\Local\Temp/ccWGFPqv.s:660    .data:00000000 speed

UNDEFINED SYMBOLS
__divmodhi4
timer1PWMBOn
timer1PWMBSet
__eewr_byte_m32
__eerd_byte_m32
scankeycntms
kbdsleepmode
timer1PWMBOff
__do_copy_data
__do_clear_bss
